INFO - 2023-08-16 02:17:38 --> Session: Class initialized using 'CodeIgniter\Session\Handlers\FileHandler' driver.
INFO - 2023-08-16 02:17:41 --> Session: Class initialized using 'CodeIgniter\Session\Handlers\FileHandler' driver.
INFO - 2023-08-16 02:17:42 --> Session: Class initialized using 'CodeIgniter\Session\Handlers\FileHandler' driver.
INFO - 2023-08-16 03:20:01 --> Session: Class initialized using 'CodeIgniter\Session\Handlers\FileHandler' driver.
CRITICAL - 2023-08-16 04:06:44 --> Attempt to read property "bulan" on array
in APPPATH\Views\dashboard.php on line 110.
 1 APPPATH\Views\dashboard.php(110): CodeIgniter\Debug\Exceptions->errorHandler()
 2 SYSTEMPATH\View\View.php(224): include('C:\\Users\\kodin\\OneDrive\\Documents\\Victor\\Koko Jo\\inventaris-daging\\app\\Views\\dashboard.php')
 3 SYSTEMPATH\View\View.php(227): CodeIgniter\View\View->CodeIgniter\View\{closure}()
 4 SYSTEMPATH\Common.php(1176): CodeIgniter\View\View->render()
 5 APPPATH\Controllers\Home.php(25): view()
 6 SYSTEMPATH\CodeIgniter.php(932): App\Controllers\Home->index()
 7 SYSTEMPATH\CodeIgniter.php(497): CodeIgniter\CodeIgniter->runController()
 8 SYSTEMPATH\CodeIgniter.php(366): CodeIgniter\CodeIgniter->handleRequest()
 9 FCPATH\index.php(67): CodeIgniter\CodeIgniter->run()
10 SYSTEMPATH\Commands\Server\rewrite.php(47): require_once('C:\\Users\\kodin\\OneDrive\\Documents\\Victor\\Koko Jo\\inventaris-daging\\public\\index.php')
CRITICAL - 2023-08-16 04:08:18 --> Attempt to read property "bulan" on array
in APPPATH\Views\dashboard.php on line 110.
 1 APPPATH\Views\dashboard.php(110): CodeIgniter\Debug\Exceptions->errorHandler()
 2 SYSTEMPATH\View\View.php(224): include('C:\\Users\\kodin\\OneDrive\\Documents\\Victor\\Koko Jo\\inventaris-daging\\app\\Views\\dashboard.php')
 3 SYSTEMPATH\View\View.php(227): CodeIgniter\View\View->CodeIgniter\View\{closure}()
 4 SYSTEMPATH\Common.php(1176): CodeIgniter\View\View->render()
 5 APPPATH\Controllers\Home.php(25): view()
 6 SYSTEMPATH\CodeIgniter.php(932): App\Controllers\Home->index()
 7 SYSTEMPATH\CodeIgniter.php(497): CodeIgniter\CodeIgniter->runController()
 8 SYSTEMPATH\CodeIgniter.php(366): CodeIgniter\CodeIgniter->handleRequest()
 9 FCPATH\index.php(67): CodeIgniter\CodeIgniter->run()
10 SYSTEMPATH\Commands\Server\rewrite.php(47): require_once('C:\\Users\\kodin\\OneDrive\\Documents\\Victor\\Koko Jo\\inventaris-daging\\public\\index.php')
CRITICAL - 2023-08-16 04:16:08 --> Attempt to read property "bulan" on array
in APPPATH\Views\dashboard.php on line 112.
 1 APPPATH\Views\dashboard.php(112): CodeIgniter\Debug\Exceptions->errorHandler()
 2 SYSTEMPATH\View\View.php(224): include('C:\\Users\\kodin\\OneDrive\\Documents\\Victor\\Koko Jo\\inventaris-daging\\app\\Views\\dashboard.php')
 3 SYSTEMPATH\View\View.php(227): CodeIgniter\View\View->CodeIgniter\View\{closure}()
 4 SYSTEMPATH\Common.php(1176): CodeIgniter\View\View->render()
 5 APPPATH\Controllers\Home.php(25): view()
 6 SYSTEMPATH\CodeIgniter.php(932): App\Controllers\Home->index()
 7 SYSTEMPATH\CodeIgniter.php(497): CodeIgniter\CodeIgniter->runController()
 8 SYSTEMPATH\CodeIgniter.php(366): CodeIgniter\CodeIgniter->handleRequest()
 9 FCPATH\index.php(67): CodeIgniter\CodeIgniter->run()
10 SYSTEMPATH\Commands\Server\rewrite.php(47): require_once('C:\\Users\\kodin\\OneDrive\\Documents\\Victor\\Koko Jo\\inventaris-daging\\public\\index.php')
