INFO - 2023-08-08 00:49:03 --> Session: Class initialized using 'CodeIgniter\Session\Handlers\FileHandler' driver.
INFO - 2023-08-08 00:49:05 --> Session: Class initialized using 'CodeIgniter\Session\Handlers\FileHandler' driver.
INFO - 2023-08-08 00:50:07 --> Session: Class initialized using 'CodeIgniter\Session\Handlers\FileHandler' driver.
INFO - 2023-08-08 00:50:49 --> Session: Class initialized using 'CodeIgniter\Session\Handlers\FileHandler' driver.
INFO - 2023-08-08 00:51:50 --> Session: Class initialized using 'CodeIgniter\Session\Handlers\FileHandler' driver.
INFO - 2023-08-08 00:51:50 --> Session: Class initialized using 'CodeIgniter\Session\Handlers\FileHandler' driver.
INFO - 2023-08-08 00:51:53 --> Session: Class initialized using 'CodeIgniter\Session\Handlers\FileHandler' driver.
INFO - 2023-08-08 00:51:57 --> Session: Class initialized using 'CodeIgniter\Session\Handlers\FileHandler' driver.
INFO - 2023-08-08 00:51:57 --> Session: Class initialized using 'CodeIgniter\Session\Handlers\FileHandler' driver.
INFO - 2023-08-08 00:51:58 --> Session: Class initialized using 'CodeIgniter\Session\Handlers\FileHandler' driver.
INFO - 2023-08-08 00:52:48 --> Session: Class initialized using 'CodeIgniter\Session\Handlers\FileHandler' driver.
INFO - 2023-08-08 00:52:48 --> Session: Class initialized using 'CodeIgniter\Session\Handlers\FileHandler' driver.
INFO - 2023-08-08 00:54:01 --> Session: Class initialized using 'CodeIgniter\Session\Handlers\FileHandler' driver.
INFO - 2023-08-08 00:54:04 --> Session: Class initialized using 'CodeIgniter\Session\Handlers\FileHandler' driver.
INFO - 2023-08-08 00:54:04 --> Session: Class initialized using 'CodeIgniter\Session\Handlers\FileHandler' driver.
INFO - 2023-08-08 00:54:43 --> Session: Class initialized using 'CodeIgniter\Session\Handlers\FileHandler' driver.
INFO - 2023-08-08 00:54:47 --> Session: Class initialized using 'CodeIgniter\Session\Handlers\FileHandler' driver.
INFO - 2023-08-08 01:06:29 --> Session: Class initialized using 'CodeIgniter\Session\Handlers\FileHandler' driver.
INFO - 2023-08-08 01:06:29 --> Session: Class initialized using 'CodeIgniter\Session\Handlers\FileHandler' driver.
INFO - 2023-08-08 01:06:32 --> Session: Class initialized using 'CodeIgniter\Session\Handlers\FileHandler' driver.
INFO - 2023-08-08 01:06:34 --> Session: Class initialized using 'CodeIgniter\Session\Handlers\FileHandler' driver.
INFO - 2023-08-08 01:06:35 --> Session: Class initialized using 'CodeIgniter\Session\Handlers\FileHandler' driver.
INFO - 2023-08-08 01:06:41 --> Session: Class initialized using 'CodeIgniter\Session\Handlers\FileHandler' driver.
INFO - 2023-08-08 01:12:33 --> Session: Class initialized using 'CodeIgniter\Session\Handlers\FileHandler' driver.
INFO - 2023-08-08 01:12:36 --> Session: Class initialized using 'CodeIgniter\Session\Handlers\FileHandler' driver.
INFO - 2023-08-08 01:12:36 --> Session: Class initialized using 'CodeIgniter\Session\Handlers\FileHandler' driver.
INFO - 2023-08-08 01:12:38 --> Session: Class initialized using 'CodeIgniter\Session\Handlers\FileHandler' driver.
INFO - 2023-08-08 01:15:56 --> Session: Class initialized using 'CodeIgniter\Session\Handlers\FileHandler' driver.
CRITICAL - 2023-08-08 01:15:56 --> Undefined array key "id"
in APPPATH\Views\masuk\masuk.php on line 60.
 1 APPPATH\Views\masuk\masuk.php(60): CodeIgniter\Debug\Exceptions->errorHandler()
 2 SYSTEMPATH\View\View.php(224): include('C:\\Users\\kodin\\OneDrive\\Documents\\Victor\\Koko Jo\\inventaris-daging\\app\\Views\\masuk\\masuk.php')
 3 SYSTEMPATH\View\View.php(227): CodeIgniter\View\View->CodeIgniter\View\{closure}()
 4 SYSTEMPATH\Common.php(1176): CodeIgniter\View\View->render()
 5 APPPATH\Controllers\MasukController.php(32): view()
 6 SYSTEMPATH\CodeIgniter.php(932): App\Controllers\MasukController->index()
 7 SYSTEMPATH\CodeIgniter.php(497): CodeIgniter\CodeIgniter->runController()
 8 SYSTEMPATH\CodeIgniter.php(366): CodeIgniter\CodeIgniter->handleRequest()
 9 FCPATH\index.php(67): CodeIgniter\CodeIgniter->run()
10 SYSTEMPATH\Commands\Server\rewrite.php(47): require_once('C:\\Users\\kodin\\OneDrive\\Documents\\Victor\\Koko Jo\\inventaris-daging\\public\\index.php')
INFO - 2023-08-08 01:16:37 --> Session: Class initialized using 'CodeIgniter\Session\Handlers\FileHandler' driver.
CRITICAL - 2023-08-08 01:16:38 --> Attempt to read property "id" on array
in APPPATH\Views\masuk\masuk.php on line 60.
 1 APPPATH\Views\masuk\masuk.php(60): CodeIgniter\Debug\Exceptions->errorHandler()
 2 SYSTEMPATH\View\View.php(224): include('C:\\Users\\kodin\\OneDrive\\Documents\\Victor\\Koko Jo\\inventaris-daging\\app\\Views\\masuk\\masuk.php')
 3 SYSTEMPATH\View\View.php(227): CodeIgniter\View\View->CodeIgniter\View\{closure}()
 4 SYSTEMPATH\Common.php(1176): CodeIgniter\View\View->render()
 5 APPPATH\Controllers\MasukController.php(32): view()
 6 SYSTEMPATH\CodeIgniter.php(932): App\Controllers\MasukController->index()
 7 SYSTEMPATH\CodeIgniter.php(497): CodeIgniter\CodeIgniter->runController()
 8 SYSTEMPATH\CodeIgniter.php(366): CodeIgniter\CodeIgniter->handleRequest()
 9 FCPATH\index.php(67): CodeIgniter\CodeIgniter->run()
10 SYSTEMPATH\Commands\Server\rewrite.php(47): require_once('C:\\Users\\kodin\\OneDrive\\Documents\\Victor\\Koko Jo\\inventaris-daging\\public\\index.php')
INFO - 2023-08-08 01:27:39 --> Session: Class initialized using 'CodeIgniter\Session\Handlers\FileHandler' driver.
INFO - 2023-08-08 01:27:43 --> Session: Class initialized using 'CodeIgniter\Session\Handlers\FileHandler' driver.
INFO - 2023-08-08 01:28:59 --> Session: Class initialized using 'CodeIgniter\Session\Handlers\FileHandler' driver.
INFO - 2023-08-08 01:29:00 --> Session: Class initialized using 'CodeIgniter\Session\Handlers\FileHandler' driver.
CRITICAL - 2023-08-08 01:29:00 --> Cannot use object of type stdClass as array
in APPPATH\Views\masuk\masuk.php on line 69.
 1 SYSTEMPATH\View\View.php(224): include()
 2 SYSTEMPATH\View\View.php(227): CodeIgniter\View\View->CodeIgniter\View\{closure}()
 3 SYSTEMPATH\Common.php(1176): CodeIgniter\View\View->render()
 4 APPPATH\Controllers\MasukController.php(30): view()
 5 SYSTEMPATH\CodeIgniter.php(932): App\Controllers\MasukController->index()
 6 SYSTEMPATH\CodeIgniter.php(497): CodeIgniter\CodeIgniter->runController()
 7 SYSTEMPATH\CodeIgniter.php(366): CodeIgniter\CodeIgniter->handleRequest()
 8 FCPATH\index.php(67): CodeIgniter\CodeIgniter->run()
 9 SYSTEMPATH\Commands\Server\rewrite.php(47): require_once('C:\\Users\\kodin\\OneDrive\\Documents\\Victor\\Koko Jo\\inventaris-daging\\public\\index.php')
INFO - 2023-08-08 01:30:46 --> Session: Class initialized using 'CodeIgniter\Session\Handlers\FileHandler' driver.
ERROR - 2023-08-08 01:30:46 --> mysqli_sql_exception: Unknown column 'jenis_daging.id' in 'on clause' in C:\Users\kodin\OneDrive\Documents\Victor\Koko Jo\inventaris-daging\system\Database\MySQLi\Connection.php:295
Stack trace:
#0 C:\Users\kodin\OneDrive\Documents\Victor\Koko Jo\inventaris-daging\system\Database\MySQLi\Connection.php(295): mysqli->query()
#1 C:\Users\kodin\OneDrive\Documents\Victor\Koko Jo\inventaris-daging\system\Database\BaseConnection.php(692): CodeIgniter\Database\MySQLi\Connection->execute()
#2 C:\Users\kodin\OneDrive\Documents\Victor\Koko Jo\inventaris-daging\system\Database\BaseConnection.php(606): CodeIgniter\Database\BaseConnection->simpleQuery()
#3 C:\Users\kodin\OneDrive\Documents\Victor\Koko Jo\inventaris-daging\system\Database\BaseBuilder.php(1616): CodeIgniter\Database\BaseConnection->query()
#4 C:\Users\kodin\OneDrive\Documents\Victor\Koko Jo\inventaris-daging\app\Models\MasukModel.php(28): CodeIgniter\Database\BaseBuilder->get()
#5 C:\Users\kodin\OneDrive\Documents\Victor\Koko Jo\inventaris-daging\app\Controllers\MasukController.php(23): App\Models\MasukModel->gabs()
#6 C:\Users\kodin\OneDrive\Documents\Victor\Koko Jo\inventaris-daging\system\CodeIgniter.php(932): App\Controllers\MasukController->index()
#7 C:\Users\kodin\OneDrive\Documents\Victor\Koko Jo\inventaris-daging\system\CodeIgniter.php(497): CodeIgniter\CodeIgniter->runController()
#8 C:\Users\kodin\OneDrive\Documents\Victor\Koko Jo\inventaris-daging\system\CodeIgniter.php(366): CodeIgniter\CodeIgniter->handleRequest()
#9 C:\Users\kodin\OneDrive\Documents\Victor\Koko Jo\inventaris-daging\public\index.php(67): CodeIgniter\CodeIgniter->run()
#10 C:\Users\kodin\OneDrive\Documents\Victor\Koko Jo\inventaris-daging\system\Commands\Server\rewrite.php(47): require_once('...')
#11 {main}
CRITICAL - 2023-08-08 01:30:46 --> Unknown column 'jenis_daging.id' in 'on clause'
in SYSTEMPATH\Database\MySQLi\Connection.php on line 295.
 1 SYSTEMPATH\Database\MySQLi\Connection.php(295): mysqli->query()
 2 SYSTEMPATH\Database\BaseConnection.php(692): CodeIgniter\Database\MySQLi\Connection->execute()
 3 SYSTEMPATH\Database\BaseConnection.php(606): CodeIgniter\Database\BaseConnection->simpleQuery()
 4 SYSTEMPATH\Database\BaseBuilder.php(1616): CodeIgniter\Database\BaseConnection->query()
 5 APPPATH\Models\MasukModel.php(28): CodeIgniter\Database\BaseBuilder->get()
 6 APPPATH\Controllers\MasukController.php(23): App\Models\MasukModel->gabs()
 7 SYSTEMPATH\CodeIgniter.php(932): App\Controllers\MasukController->index()
 8 SYSTEMPATH\CodeIgniter.php(497): CodeIgniter\CodeIgniter->runController()
 9 SYSTEMPATH\CodeIgniter.php(366): CodeIgniter\CodeIgniter->handleRequest()
10 FCPATH\index.php(67): CodeIgniter\CodeIgniter->run()
11 SYSTEMPATH\Commands\Server\rewrite.php(47): require_once('C:\\Users\\kodin\\OneDrive\\Documents\\Victor\\Koko Jo\\inventaris-daging\\public\\index.php')
INFO - 2023-08-08 01:31:28 --> Session: Class initialized using 'CodeIgniter\Session\Handlers\FileHandler' driver.
INFO - 2023-08-08 01:31:31 --> Session: Class initialized using 'CodeIgniter\Session\Handlers\FileHandler' driver.
INFO - 2023-08-08 01:31:35 --> Session: Class initialized using 'CodeIgniter\Session\Handlers\FileHandler' driver.
INFO - 2023-08-08 01:31:49 --> Session: Class initialized using 'CodeIgniter\Session\Handlers\FileHandler' driver.
INFO - 2023-08-08 01:31:52 --> Session: Class initialized using 'CodeIgniter\Session\Handlers\FileHandler' driver.
INFO - 2023-08-08 01:31:52 --> Session: Class initialized using 'CodeIgniter\Session\Handlers\FileHandler' driver.
INFO - 2023-08-08 01:31:57 --> Session: Class initialized using 'CodeIgniter\Session\Handlers\FileHandler' driver.
INFO - 2023-08-08 01:33:19 --> Session: Class initialized using 'CodeIgniter\Session\Handlers\FileHandler' driver.
CRITICAL - 2023-08-08 01:33:19 --> Undefined variable $daging
in APPPATH\Views\daging\editDaging.php on line 25.
 1 APPPATH\Views\daging\editDaging.php(25): CodeIgniter\Debug\Exceptions->errorHandler()
 2 SYSTEMPATH\View\View.php(224): include('C:\\Users\\kodin\\OneDrive\\Documents\\Victor\\Koko Jo\\inventaris-daging\\app\\Views\\daging\\editDaging.php')
 3 SYSTEMPATH\View\View.php(227): CodeIgniter\View\View->CodeIgniter\View\{closure}()
 4 SYSTEMPATH\Common.php(1176): CodeIgniter\View\View->render()
 5 APPPATH\Controllers\MasukController.php(70): view()
 6 SYSTEMPATH\CodeIgniter.php(932): App\Controllers\MasukController->edit()
 7 SYSTEMPATH\CodeIgniter.php(497): CodeIgniter\CodeIgniter->runController()
 8 SYSTEMPATH\CodeIgniter.php(366): CodeIgniter\CodeIgniter->handleRequest()
 9 FCPATH\index.php(67): CodeIgniter\CodeIgniter->run()
10 SYSTEMPATH\Commands\Server\rewrite.php(47): require_once('C:\\Users\\kodin\\OneDrive\\Documents\\Victor\\Koko Jo\\inventaris-daging\\public\\index.php')
INFO - 2023-08-08 01:40:39 --> Session: Class initialized using 'CodeIgniter\Session\Handlers\FileHandler' driver.
CRITICAL - 2023-08-08 01:40:39 --> Undefined variable $daging
in APPPATH\Views\daging\editDaging.php on line 25.
 1 APPPATH\Views\daging\editDaging.php(25): CodeIgniter\Debug\Exceptions->errorHandler()
 2 SYSTEMPATH\View\View.php(224): include('C:\\Users\\kodin\\OneDrive\\Documents\\Victor\\Koko Jo\\inventaris-daging\\app\\Views\\daging\\editDaging.php')
 3 SYSTEMPATH\View\View.php(227): CodeIgniter\View\View->CodeIgniter\View\{closure}()
 4 SYSTEMPATH\Common.php(1176): CodeIgniter\View\View->render()
 5 APPPATH\Controllers\MasukController.php(70): view()
 6 SYSTEMPATH\CodeIgniter.php(932): App\Controllers\MasukController->edit()
 7 SYSTEMPATH\CodeIgniter.php(497): CodeIgniter\CodeIgniter->runController()
 8 SYSTEMPATH\CodeIgniter.php(366): CodeIgniter\CodeIgniter->handleRequest()
 9 FCPATH\index.php(67): CodeIgniter\CodeIgniter->run()
10 SYSTEMPATH\Commands\Server\rewrite.php(47): require_once('C:\\Users\\kodin\\OneDrive\\Documents\\Victor\\Koko Jo\\inventaris-daging\\public\\index.php')
INFO - 2023-08-08 01:40:44 --> Session: Class initialized using 'CodeIgniter\Session\Handlers\FileHandler' driver.
INFO - 2023-08-08 01:40:46 --> Session: Class initialized using 'CodeIgniter\Session\Handlers\FileHandler' driver.
CRITICAL - 2023-08-08 01:40:46 --> Undefined variable $daging
in APPPATH\Views\daging\editDaging.php on line 25.
 1 APPPATH\Views\daging\editDaging.php(25): CodeIgniter\Debug\Exceptions->errorHandler()
 2 SYSTEMPATH\View\View.php(224): include('C:\\Users\\kodin\\OneDrive\\Documents\\Victor\\Koko Jo\\inventaris-daging\\app\\Views\\daging\\editDaging.php')
 3 SYSTEMPATH\View\View.php(227): CodeIgniter\View\View->CodeIgniter\View\{closure}()
 4 SYSTEMPATH\Common.php(1176): CodeIgniter\View\View->render()
 5 APPPATH\Controllers\MasukController.php(70): view()
 6 SYSTEMPATH\CodeIgniter.php(932): App\Controllers\MasukController->edit()
 7 SYSTEMPATH\CodeIgniter.php(497): CodeIgniter\CodeIgniter->runController()
 8 SYSTEMPATH\CodeIgniter.php(366): CodeIgniter\CodeIgniter->handleRequest()
 9 FCPATH\index.php(67): CodeIgniter\CodeIgniter->run()
10 SYSTEMPATH\Commands\Server\rewrite.php(47): require_once('C:\\Users\\kodin\\OneDrive\\Documents\\Victor\\Koko Jo\\inventaris-daging\\public\\index.php')
INFO - 2023-08-08 01:42:32 --> Session: Class initialized using 'CodeIgniter\Session\Handlers\FileHandler' driver.
CRITICAL - 2023-08-08 01:42:32 --> Undefined array key "nama_jenis"
in APPPATH\Views\masuk\editMasuk.php on line 32.
 1 APPPATH\Views\masuk\editMasuk.php(32): CodeIgniter\Debug\Exceptions->errorHandler()
 2 SYSTEMPATH\View\View.php(224): include('C:\\Users\\kodin\\OneDrive\\Documents\\Victor\\Koko Jo\\inventaris-daging\\app\\Views\\masuk\\editMasuk.php')
 3 SYSTEMPATH\View\View.php(227): CodeIgniter\View\View->CodeIgniter\View\{closure}()
 4 SYSTEMPATH\Common.php(1176): CodeIgniter\View\View->render()
 5 APPPATH\Controllers\MasukController.php(70): view()
 6 SYSTEMPATH\CodeIgniter.php(932): App\Controllers\MasukController->edit()
 7 SYSTEMPATH\CodeIgniter.php(497): CodeIgniter\CodeIgniter->runController()
 8 SYSTEMPATH\CodeIgniter.php(366): CodeIgniter\CodeIgniter->handleRequest()
 9 FCPATH\index.php(67): CodeIgniter\CodeIgniter->run()
10 SYSTEMPATH\Commands\Server\rewrite.php(47): require_once('C:\\Users\\kodin\\OneDrive\\Documents\\Victor\\Koko Jo\\inventaris-daging\\public\\index.php')
INFO - 2023-08-08 01:43:10 --> Session: Class initialized using 'CodeIgniter\Session\Handlers\FileHandler' driver.
CRITICAL - 2023-08-08 01:43:10 --> Undefined array key "id"
in APPPATH\Views\masuk\editMasuk.php on line 25.
 1 APPPATH\Views\masuk\editMasuk.php(25): CodeIgniter\Debug\Exceptions->errorHandler()
 2 SYSTEMPATH\View\View.php(224): include('C:\\Users\\kodin\\OneDrive\\Documents\\Victor\\Koko Jo\\inventaris-daging\\app\\Views\\masuk\\editMasuk.php')
 3 SYSTEMPATH\View\View.php(227): CodeIgniter\View\View->CodeIgniter\View\{closure}()
 4 SYSTEMPATH\Common.php(1176): CodeIgniter\View\View->render()
 5 APPPATH\Controllers\MasukController.php(69): view()
 6 SYSTEMPATH\CodeIgniter.php(932): App\Controllers\MasukController->edit()
 7 SYSTEMPATH\CodeIgniter.php(497): CodeIgniter\CodeIgniter->runController()
 8 SYSTEMPATH\CodeIgniter.php(366): CodeIgniter\CodeIgniter->handleRequest()
 9 FCPATH\index.php(67): CodeIgniter\CodeIgniter->run()
10 SYSTEMPATH\Commands\Server\rewrite.php(47): require_once('C:\\Users\\kodin\\OneDrive\\Documents\\Victor\\Koko Jo\\inventaris-daging\\public\\index.php')
INFO - 2023-08-08 01:44:24 --> Session: Class initialized using 'CodeIgniter\Session\Handlers\FileHandler' driver.
INFO - 2023-08-08 01:44:26 --> Session: Class initialized using 'CodeIgniter\Session\Handlers\FileHandler' driver.
INFO - 2023-08-08 01:45:32 --> Session: Class initialized using 'CodeIgniter\Session\Handlers\FileHandler' driver.
CRITICAL - 2023-08-08 01:45:32 --> Attempt to read property "id" on array
in APPPATH\Views\masuk\editMasuk.php on line 25.
 1 APPPATH\Views\masuk\editMasuk.php(25): CodeIgniter\Debug\Exceptions->errorHandler()
 2 SYSTEMPATH\View\View.php(224): include('C:\\Users\\kodin\\OneDrive\\Documents\\Victor\\Koko Jo\\inventaris-daging\\app\\Views\\masuk\\editMasuk.php')
 3 SYSTEMPATH\View\View.php(227): CodeIgniter\View\View->CodeIgniter\View\{closure}()
 4 SYSTEMPATH\Common.php(1176): CodeIgniter\View\View->render()
 5 APPPATH\Controllers\MasukController.php(71): view()
 6 SYSTEMPATH\CodeIgniter.php(932): App\Controllers\MasukController->edit()
 7 SYSTEMPATH\CodeIgniter.php(497): CodeIgniter\CodeIgniter->runController()
 8 SYSTEMPATH\CodeIgniter.php(366): CodeIgniter\CodeIgniter->handleRequest()
 9 FCPATH\index.php(67): CodeIgniter\CodeIgniter->run()
10 SYSTEMPATH\Commands\Server\rewrite.php(47): require_once('C:\\Users\\kodin\\OneDrive\\Documents\\Victor\\Koko Jo\\inventaris-daging\\public\\index.php')
INFO - 2023-08-08 01:46:55 --> Session: Class initialized using 'CodeIgniter\Session\Handlers\FileHandler' driver.
INFO - 2023-08-08 01:54:46 --> Session: Class initialized using 'CodeIgniter\Session\Handlers\FileHandler' driver.
INFO - 2023-08-08 01:57:52 --> Session: Class initialized using 'CodeIgniter\Session\Handlers\FileHandler' driver.
CRITICAL - 2023-08-08 01:57:52 --> Undefined array key "id"
in APPPATH\Views\masuk\editMasuk.php on line 25.
 1 APPPATH\Views\masuk\editMasuk.php(25): CodeIgniter\Debug\Exceptions->errorHandler()
 2 SYSTEMPATH\View\View.php(224): include('C:\\Users\\kodin\\OneDrive\\Documents\\Victor\\Koko Jo\\inventaris-daging\\app\\Views\\masuk\\editMasuk.php')
 3 SYSTEMPATH\View\View.php(227): CodeIgniter\View\View->CodeIgniter\View\{closure}()
 4 SYSTEMPATH\Common.php(1176): CodeIgniter\View\View->render()
 5 APPPATH\Controllers\MasukController.php(72): view()
 6 SYSTEMPATH\CodeIgniter.php(932): App\Controllers\MasukController->edit()
 7 SYSTEMPATH\CodeIgniter.php(497): CodeIgniter\CodeIgniter->runController()
 8 SYSTEMPATH\CodeIgniter.php(366): CodeIgniter\CodeIgniter->handleRequest()
 9 FCPATH\index.php(67): CodeIgniter\CodeIgniter->run()
10 SYSTEMPATH\Commands\Server\rewrite.php(47): require_once('C:\\Users\\kodin\\OneDrive\\Documents\\Victor\\Koko Jo\\inventaris-daging\\public\\index.php')
INFO - 2023-08-08 02:02:04 --> Session: Class initialized using 'CodeIgniter\Session\Handlers\FileHandler' driver.
CRITICAL - 2023-08-08 02:02:04 --> Attempt to read property "id" on array
in APPPATH\Views\masuk\editMasuk.php on line 25.
 1 APPPATH\Views\masuk\editMasuk.php(25): CodeIgniter\Debug\Exceptions->errorHandler()
 2 SYSTEMPATH\View\View.php(224): include('C:\\Users\\kodin\\OneDrive\\Documents\\Victor\\Koko Jo\\inventaris-daging\\app\\Views\\masuk\\editMasuk.php')
 3 SYSTEMPATH\View\View.php(227): CodeIgniter\View\View->CodeIgniter\View\{closure}()
 4 SYSTEMPATH\Common.php(1176): CodeIgniter\View\View->render()
 5 APPPATH\Controllers\MasukController.php(72): view()
 6 SYSTEMPATH\CodeIgniter.php(932): App\Controllers\MasukController->edit()
 7 SYSTEMPATH\CodeIgniter.php(497): CodeIgniter\CodeIgniter->runController()
 8 SYSTEMPATH\CodeIgniter.php(366): CodeIgniter\CodeIgniter->handleRequest()
 9 FCPATH\index.php(67): CodeIgniter\CodeIgniter->run()
10 SYSTEMPATH\Commands\Server\rewrite.php(47): require_once('C:\\Users\\kodin\\OneDrive\\Documents\\Victor\\Koko Jo\\inventaris-daging\\public\\index.php')
INFO - 2023-08-08 02:05:13 --> Session: Class initialized using 'CodeIgniter\Session\Handlers\FileHandler' driver.
CRITICAL - 2023-08-08 02:05:13 --> Attempt to read property "nama_jenis" on array
in APPPATH\Views\masuk\editMasuk.php on line 32.
 1 APPPATH\Views\masuk\editMasuk.php(32): CodeIgniter\Debug\Exceptions->errorHandler()
 2 SYSTEMPATH\View\View.php(224): include('C:\\Users\\kodin\\OneDrive\\Documents\\Victor\\Koko Jo\\inventaris-daging\\app\\Views\\masuk\\editMasuk.php')
 3 SYSTEMPATH\View\View.php(227): CodeIgniter\View\View->CodeIgniter\View\{closure}()
 4 SYSTEMPATH\Common.php(1176): CodeIgniter\View\View->render()
 5 APPPATH\Controllers\MasukController.php(74): view()
 6 SYSTEMPATH\CodeIgniter.php(932): App\Controllers\MasukController->edit()
 7 SYSTEMPATH\CodeIgniter.php(497): CodeIgniter\CodeIgniter->runController()
 8 SYSTEMPATH\CodeIgniter.php(366): CodeIgniter\CodeIgniter->handleRequest()
 9 FCPATH\index.php(67): CodeIgniter\CodeIgniter->run()
10 SYSTEMPATH\Commands\Server\rewrite.php(47): require_once('C:\\Users\\kodin\\OneDrive\\Documents\\Victor\\Koko Jo\\inventaris-daging\\public\\index.php')
INFO - 2023-08-08 03:26:05 --> Session: Class initialized using 'CodeIgniter\Session\Handlers\FileHandler' driver.
CRITICAL - 2023-08-08 03:26:05 --> Attempt to read property "nama_jenis" on array
in APPPATH\Views\masuk\editMasuk.php on line 32.
 1 APPPATH\Views\masuk\editMasuk.php(32): CodeIgniter\Debug\Exceptions->errorHandler()
 2 SYSTEMPATH\View\View.php(224): include('C:\\Users\\kodin\\OneDrive\\Documents\\Victor\\Koko Jo\\inventaris-daging\\app\\Views\\masuk\\editMasuk.php')
 3 SYSTEMPATH\View\View.php(227): CodeIgniter\View\View->CodeIgniter\View\{closure}()
 4 SYSTEMPATH\Common.php(1176): CodeIgniter\View\View->render()
 5 APPPATH\Controllers\MasukController.php(74): view()
 6 SYSTEMPATH\CodeIgniter.php(932): App\Controllers\MasukController->edit()
 7 SYSTEMPATH\CodeIgniter.php(497): CodeIgniter\CodeIgniter->runController()
 8 SYSTEMPATH\CodeIgniter.php(366): CodeIgniter\CodeIgniter->handleRequest()
 9 FCPATH\index.php(67): CodeIgniter\CodeIgniter->run()
10 SYSTEMPATH\Commands\Server\rewrite.php(47): require_once('C:\\Users\\kodin\\OneDrive\\Documents\\Victor\\Koko Jo\\inventaris-daging\\public\\index.php')
INFO - 2023-08-08 03:26:26 --> Session: Class initialized using 'CodeIgniter\Session\Handlers\FileHandler' driver.
INFO - 2023-08-08 03:27:14 --> Session: Class initialized using 'CodeIgniter\Session\Handlers\FileHandler' driver.
CRITICAL - 2023-08-08 03:27:14 --> Cannot use object of type stdClass as array
in APPPATH\Views\masuk\editMasuk.php on line 34.
 1 SYSTEMPATH\View\View.php(224): include()
 2 SYSTEMPATH\View\View.php(227): CodeIgniter\View\View->CodeIgniter\View\{closure}()
 3 SYSTEMPATH\Common.php(1176): CodeIgniter\View\View->render()
 4 APPPATH\Controllers\MasukController.php(74): view()
 5 SYSTEMPATH\CodeIgniter.php(932): App\Controllers\MasukController->edit()
 6 SYSTEMPATH\CodeIgniter.php(497): CodeIgniter\CodeIgniter->runController()
 7 SYSTEMPATH\CodeIgniter.php(366): CodeIgniter\CodeIgniter->handleRequest()
 8 FCPATH\index.php(67): CodeIgniter\CodeIgniter->run()
 9 SYSTEMPATH\Commands\Server\rewrite.php(47): require_once('C:\\Users\\kodin\\OneDrive\\Documents\\Victor\\Koko Jo\\inventaris-daging\\public\\index.php')
INFO - 2023-08-08 03:27:42 --> Session: Class initialized using 'CodeIgniter\Session\Handlers\FileHandler' driver.
INFO - 2023-08-08 03:27:47 --> Session: Class initialized using 'CodeIgniter\Session\Handlers\FileHandler' driver.
CRITICAL - 2023-08-08 03:27:47 --> Trying to access array offset on value of type null
in APPPATH\Views\masuk\editMasuk.php on line 25.
 1 APPPATH\Views\masuk\editMasuk.php(25): CodeIgniter\Debug\Exceptions->errorHandler()
 2 SYSTEMPATH\View\View.php(224): include('C:\\Users\\kodin\\OneDrive\\Documents\\Victor\\Koko Jo\\inventaris-daging\\app\\Views\\masuk\\editMasuk.php')
 3 SYSTEMPATH\View\View.php(227): CodeIgniter\View\View->CodeIgniter\View\{closure}()
 4 SYSTEMPATH\Common.php(1176): CodeIgniter\View\View->render()
 5 APPPATH\Controllers\MasukController.php(74): view()
 6 SYSTEMPATH\CodeIgniter.php(932): App\Controllers\MasukController->edit()
 7 SYSTEMPATH\CodeIgniter.php(497): CodeIgniter\CodeIgniter->runController()
 8 SYSTEMPATH\CodeIgniter.php(366): CodeIgniter\CodeIgniter->handleRequest()
 9 FCPATH\index.php(67): CodeIgniter\CodeIgniter->run()
10 SYSTEMPATH\Commands\Server\rewrite.php(47): require_once('C:\\Users\\kodin\\OneDrive\\Documents\\Victor\\Koko Jo\\inventaris-daging\\public\\index.php')
INFO - 2023-08-08 03:28:27 --> Session: Class initialized using 'CodeIgniter\Session\Handlers\FileHandler' driver.
CRITICAL - 2023-08-08 03:28:27 --> Trying to access array offset on value of type null
in APPPATH\Views\masuk\editMasuk.php on line 25.
 1 APPPATH\Views\masuk\editMasuk.php(25): CodeIgniter\Debug\Exceptions->errorHandler()
 2 SYSTEMPATH\View\View.php(224): include('C:\\Users\\kodin\\OneDrive\\Documents\\Victor\\Koko Jo\\inventaris-daging\\app\\Views\\masuk\\editMasuk.php')
 3 SYSTEMPATH\View\View.php(227): CodeIgniter\View\View->CodeIgniter\View\{closure}()
 4 SYSTEMPATH\Common.php(1176): CodeIgniter\View\View->render()
 5 APPPATH\Controllers\MasukController.php(74): view()
 6 SYSTEMPATH\CodeIgniter.php(932): App\Controllers\MasukController->edit()
 7 SYSTEMPATH\CodeIgniter.php(497): CodeIgniter\CodeIgniter->runController()
 8 SYSTEMPATH\CodeIgniter.php(366): CodeIgniter\CodeIgniter->handleRequest()
 9 FCPATH\index.php(67): CodeIgniter\CodeIgniter->run()
10 SYSTEMPATH\Commands\Server\rewrite.php(47): require_once('C:\\Users\\kodin\\OneDrive\\Documents\\Victor\\Koko Jo\\inventaris-daging\\public\\index.php')
INFO - 2023-08-08 03:28:59 --> Session: Class initialized using 'CodeIgniter\Session\Handlers\FileHandler' driver.
INFO - 2023-08-08 03:29:00 --> Session: Class initialized using 'CodeIgniter\Session\Handlers\FileHandler' driver.
CRITICAL - 2023-08-08 03:29:00 --> Trying to access array offset on value of type null
in APPPATH\Views\masuk\editMasuk.php on line 25.
 1 APPPATH\Views\masuk\editMasuk.php(25): CodeIgniter\Debug\Exceptions->errorHandler()
 2 SYSTEMPATH\View\View.php(224): include('C:\\Users\\kodin\\OneDrive\\Documents\\Victor\\Koko Jo\\inventaris-daging\\app\\Views\\masuk\\editMasuk.php')
 3 SYSTEMPATH\View\View.php(227): CodeIgniter\View\View->CodeIgniter\View\{closure}()
 4 SYSTEMPATH\Common.php(1176): CodeIgniter\View\View->render()
 5 APPPATH\Controllers\MasukController.php(74): view()
 6 SYSTEMPATH\CodeIgniter.php(932): App\Controllers\MasukController->edit()
 7 SYSTEMPATH\CodeIgniter.php(497): CodeIgniter\CodeIgniter->runController()
 8 SYSTEMPATH\CodeIgniter.php(366): CodeIgniter\CodeIgniter->handleRequest()
 9 FCPATH\index.php(67): CodeIgniter\CodeIgniter->run()
10 SYSTEMPATH\Commands\Server\rewrite.php(47): require_once('C:\\Users\\kodin\\OneDrive\\Documents\\Victor\\Koko Jo\\inventaris-daging\\public\\index.php')
INFO - 2023-08-08 03:29:09 --> Session: Class initialized using 'CodeIgniter\Session\Handlers\FileHandler' driver.
INFO - 2023-08-08 03:29:12 --> Session: Class initialized using 'CodeIgniter\Session\Handlers\FileHandler' driver.
INFO - 2023-08-08 03:29:14 --> Session: Class initialized using 'CodeIgniter\Session\Handlers\FileHandler' driver.
INFO - 2023-08-08 03:29:20 --> Session: Class initialized using 'CodeIgniter\Session\Handlers\FileHandler' driver.
INFO - 2023-08-08 03:29:21 --> Session: Class initialized using 'CodeIgniter\Session\Handlers\FileHandler' driver.
INFO - 2023-08-08 03:29:26 --> Session: Class initialized using 'CodeIgniter\Session\Handlers\FileHandler' driver.
CRITICAL - 2023-08-08 03:29:26 --> Undefined array key "id"
in APPPATH\Views\masuk\addMasuk.php on line 34.
 1 APPPATH\Views\masuk\addMasuk.php(34): CodeIgniter\Debug\Exceptions->errorHandler()
 2 SYSTEMPATH\View\View.php(224): include('C:\\Users\\kodin\\OneDrive\\Documents\\Victor\\Koko Jo\\inventaris-daging\\app\\Views\\masuk\\addMasuk.php')
 3 SYSTEMPATH\View\View.php(227): CodeIgniter\View\View->CodeIgniter\View\{closure}()
 4 SYSTEMPATH\Common.php(1176): CodeIgniter\View\View->render()
 5 APPPATH\Controllers\MasukController.php(40): view()
 6 SYSTEMPATH\CodeIgniter.php(932): App\Controllers\MasukController->add()
 7 SYSTEMPATH\CodeIgniter.php(497): CodeIgniter\CodeIgniter->runController()
 8 SYSTEMPATH\CodeIgniter.php(366): CodeIgniter\CodeIgniter->handleRequest()
 9 FCPATH\index.php(67): CodeIgniter\CodeIgniter->run()
10 SYSTEMPATH\Commands\Server\rewrite.php(47): require_once('C:\\Users\\kodin\\OneDrive\\Documents\\Victor\\Koko Jo\\inventaris-daging\\public\\index.php')
INFO - 2023-08-08 03:30:06 --> Session: Class initialized using 'CodeIgniter\Session\Handlers\FileHandler' driver.
CRITICAL - 2023-08-08 03:30:07 --> Undefined array key "id"
in APPPATH\Views\masuk\addMasuk.php on line 34.
 1 APPPATH\Views\masuk\addMasuk.php(34): CodeIgniter\Debug\Exceptions->errorHandler()
 2 SYSTEMPATH\View\View.php(224): include('C:\\Users\\kodin\\OneDrive\\Documents\\Victor\\Koko Jo\\inventaris-daging\\app\\Views\\masuk\\addMasuk.php')
 3 SYSTEMPATH\View\View.php(227): CodeIgniter\View\View->CodeIgniter\View\{closure}()
 4 SYSTEMPATH\Common.php(1176): CodeIgniter\View\View->render()
 5 APPPATH\Controllers\MasukController.php(40): view()
 6 SYSTEMPATH\CodeIgniter.php(932): App\Controllers\MasukController->add()
 7 SYSTEMPATH\CodeIgniter.php(497): CodeIgniter\CodeIgniter->runController()
 8 SYSTEMPATH\CodeIgniter.php(366): CodeIgniter\CodeIgniter->handleRequest()
 9 FCPATH\index.php(67): CodeIgniter\CodeIgniter->run()
10 SYSTEMPATH\Commands\Server\rewrite.php(47): require_once('C:\\Users\\kodin\\OneDrive\\Documents\\Victor\\Koko Jo\\inventaris-daging\\public\\index.php')
INFO - 2023-08-08 03:30:37 --> Session: Class initialized using 'CodeIgniter\Session\Handlers\FileHandler' driver.
INFO - 2023-08-08 03:30:48 --> Session: Class initialized using 'CodeIgniter\Session\Handlers\FileHandler' driver.
INFO - 2023-08-08 03:30:48 --> Session: Class initialized using 'CodeIgniter\Session\Handlers\FileHandler' driver.
INFO - 2023-08-08 03:30:55 --> Session: Class initialized using 'CodeIgniter\Session\Handlers\FileHandler' driver.
INFO - 2023-08-08 03:30:58 --> Session: Class initialized using 'CodeIgniter\Session\Handlers\FileHandler' driver.
INFO - 2023-08-08 03:30:59 --> Session: Class initialized using 'CodeIgniter\Session\Handlers\FileHandler' driver.
INFO - 2023-08-08 03:32:38 --> Session: Class initialized using 'CodeIgniter\Session\Handlers\FileHandler' driver.
INFO - 2023-08-08 03:32:42 --> Session: Class initialized using 'CodeIgniter\Session\Handlers\FileHandler' driver.
CRITICAL - 2023-08-08 03:32:42 --> Trying to access array offset on value of type null
in APPPATH\Views\masuk\editMasuk.php on line 25.
 1 APPPATH\Views\masuk\editMasuk.php(25): CodeIgniter\Debug\Exceptions->errorHandler()
 2 SYSTEMPATH\View\View.php(224): include('C:\\Users\\kodin\\OneDrive\\Documents\\Victor\\Koko Jo\\inventaris-daging\\app\\Views\\masuk\\editMasuk.php')
 3 SYSTEMPATH\View\View.php(227): CodeIgniter\View\View->CodeIgniter\View\{closure}()
 4 SYSTEMPATH\Common.php(1176): CodeIgniter\View\View->render()
 5 APPPATH\Controllers\MasukController.php(76): view()
 6 SYSTEMPATH\CodeIgniter.php(932): App\Controllers\MasukController->edit()
 7 SYSTEMPATH\CodeIgniter.php(497): CodeIgniter\CodeIgniter->runController()
 8 SYSTEMPATH\CodeIgniter.php(366): CodeIgniter\CodeIgniter->handleRequest()
 9 FCPATH\index.php(67): CodeIgniter\CodeIgniter->run()
10 SYSTEMPATH\Commands\Server\rewrite.php(47): require_once('C:\\Users\\kodin\\OneDrive\\Documents\\Victor\\Koko Jo\\inventaris-daging\\public\\index.php')
INFO - 2023-08-08 03:32:48 --> Session: Class initialized using 'CodeIgniter\Session\Handlers\FileHandler' driver.
INFO - 2023-08-08 03:32:51 --> Session: Class initialized using 'CodeIgniter\Session\Handlers\FileHandler' driver.
CRITICAL - 2023-08-08 03:32:51 --> Trying to access array offset on value of type null
in APPPATH\Views\masuk\editMasuk.php on line 25.
 1 APPPATH\Views\masuk\editMasuk.php(25): CodeIgniter\Debug\Exceptions->errorHandler()
 2 SYSTEMPATH\View\View.php(224): include('C:\\Users\\kodin\\OneDrive\\Documents\\Victor\\Koko Jo\\inventaris-daging\\app\\Views\\masuk\\editMasuk.php')
 3 SYSTEMPATH\View\View.php(227): CodeIgniter\View\View->CodeIgniter\View\{closure}()
 4 SYSTEMPATH\Common.php(1176): CodeIgniter\View\View->render()
 5 APPPATH\Controllers\MasukController.php(76): view()
 6 SYSTEMPATH\CodeIgniter.php(932): App\Controllers\MasukController->edit()
 7 SYSTEMPATH\CodeIgniter.php(497): CodeIgniter\CodeIgniter->runController()
 8 SYSTEMPATH\CodeIgniter.php(366): CodeIgniter\CodeIgniter->handleRequest()
 9 FCPATH\index.php(67): CodeIgniter\CodeIgniter->run()
10 SYSTEMPATH\Commands\Server\rewrite.php(47): require_once('C:\\Users\\kodin\\OneDrive\\Documents\\Victor\\Koko Jo\\inventaris-daging\\public\\index.php')
INFO - 2023-08-08 03:32:55 --> Session: Class initialized using 'CodeIgniter\Session\Handlers\FileHandler' driver.
INFO - 2023-08-08 03:34:02 --> Session: Class initialized using 'CodeIgniter\Session\Handlers\FileHandler' driver.
CRITICAL - 2023-08-08 03:34:02 --> Trying to access array offset on value of type null
in APPPATH\Views\masuk\editMasuk.php on line 25.
 1 APPPATH\Views\masuk\editMasuk.php(25): CodeIgniter\Debug\Exceptions->errorHandler()
 2 SYSTEMPATH\View\View.php(224): include('C:\\Users\\kodin\\OneDrive\\Documents\\Victor\\Koko Jo\\inventaris-daging\\app\\Views\\masuk\\editMasuk.php')
 3 SYSTEMPATH\View\View.php(227): CodeIgniter\View\View->CodeIgniter\View\{closure}()
 4 SYSTEMPATH\Common.php(1176): CodeIgniter\View\View->render()
 5 APPPATH\Controllers\MasukController.php(76): view()
 6 SYSTEMPATH\CodeIgniter.php(932): App\Controllers\MasukController->edit()
 7 SYSTEMPATH\CodeIgniter.php(497): CodeIgniter\CodeIgniter->runController()
 8 SYSTEMPATH\CodeIgniter.php(366): CodeIgniter\CodeIgniter->handleRequest()
 9 FCPATH\index.php(67): CodeIgniter\CodeIgniter->run()
10 SYSTEMPATH\Commands\Server\rewrite.php(47): require_once('C:\\Users\\kodin\\OneDrive\\Documents\\Victor\\Koko Jo\\inventaris-daging\\public\\index.php')
INFO - 2023-08-08 03:37:58 --> Session: Class initialized using 'CodeIgniter\Session\Handlers\FileHandler' driver.
CRITICAL - 2023-08-08 03:37:58 --> Trying to access array offset on value of type null
in APPPATH\Views\masuk\editMasuk.php on line 25.
 1 APPPATH\Views\masuk\editMasuk.php(25): CodeIgniter\Debug\Exceptions->errorHandler()
 2 SYSTEMPATH\View\View.php(224): include('C:\\Users\\kodin\\OneDrive\\Documents\\Victor\\Koko Jo\\inventaris-daging\\app\\Views\\masuk\\editMasuk.php')
 3 SYSTEMPATH\View\View.php(227): CodeIgniter\View\View->CodeIgniter\View\{closure}()
 4 SYSTEMPATH\Common.php(1176): CodeIgniter\View\View->render()
 5 APPPATH\Controllers\MasukController.php(76): view()
 6 SYSTEMPATH\CodeIgniter.php(932): App\Controllers\MasukController->edit()
 7 SYSTEMPATH\CodeIgniter.php(497): CodeIgniter\CodeIgniter->runController()
 8 SYSTEMPATH\CodeIgniter.php(366): CodeIgniter\CodeIgniter->handleRequest()
 9 FCPATH\index.php(67): CodeIgniter\CodeIgniter->run()
10 SYSTEMPATH\Commands\Server\rewrite.php(47): require_once('C:\\Users\\kodin\\OneDrive\\Documents\\Victor\\Koko Jo\\inventaris-daging\\public\\index.php')
INFO - 2023-08-08 03:38:01 --> Session: Class initialized using 'CodeIgniter\Session\Handlers\FileHandler' driver.
INFO - 2023-08-08 03:38:03 --> Session: Class initialized using 'CodeIgniter\Session\Handlers\FileHandler' driver.
INFO - 2023-08-08 03:38:05 --> Session: Class initialized using 'CodeIgniter\Session\Handlers\FileHandler' driver.
INFO - 2023-08-08 03:38:29 --> Session: Class initialized using 'CodeIgniter\Session\Handlers\FileHandler' driver.
INFO - 2023-08-08 03:38:32 --> Session: Class initialized using 'CodeIgniter\Session\Handlers\FileHandler' driver.
INFO - 2023-08-08 03:38:35 --> Session: Class initialized using 'CodeIgniter\Session\Handlers\FileHandler' driver.
INFO - 2023-08-08 03:38:37 --> Session: Class initialized using 'CodeIgniter\Session\Handlers\FileHandler' driver.
INFO - 2023-08-08 03:38:38 --> Session: Class initialized using 'CodeIgniter\Session\Handlers\FileHandler' driver.
INFO - 2023-08-08 03:38:40 --> Session: Class initialized using 'CodeIgniter\Session\Handlers\FileHandler' driver.
INFO - 2023-08-08 03:38:41 --> Session: Class initialized using 'CodeIgniter\Session\Handlers\FileHandler' driver.
INFO - 2023-08-08 03:38:46 --> Session: Class initialized using 'CodeIgniter\Session\Handlers\FileHandler' driver.
INFO - 2023-08-08 03:39:16 --> Session: Class initialized using 'CodeIgniter\Session\Handlers\FileHandler' driver.
INFO - 2023-08-08 03:39:18 --> Session: Class initialized using 'CodeIgniter\Session\Handlers\FileHandler' driver.
INFO - 2023-08-08 03:39:19 --> Session: Class initialized using 'CodeIgniter\Session\Handlers\FileHandler' driver.
INFO - 2023-08-08 03:39:20 --> Session: Class initialized using 'CodeIgniter\Session\Handlers\FileHandler' driver.
INFO - 2023-08-08 03:39:26 --> Session: Class initialized using 'CodeIgniter\Session\Handlers\FileHandler' driver.
INFO - 2023-08-08 03:39:26 --> Session: Class initialized using 'CodeIgniter\Session\Handlers\FileHandler' driver.
INFO - 2023-08-08 03:39:27 --> Session: Class initialized using 'CodeIgniter\Session\Handlers\FileHandler' driver.
INFO - 2023-08-08 03:39:31 --> Session: Class initialized using 'CodeIgniter\Session\Handlers\FileHandler' driver.
INFO - 2023-08-08 09:40:52 --> Session: Class initialized using 'CodeIgniter\Session\Handlers\FileHandler' driver.
INFO - 2023-08-08 09:40:59 --> Session: Class initialized using 'CodeIgniter\Session\Handlers\FileHandler' driver.
CRITICAL - 2023-08-08 10:21:54 --> Class "Locale" not found
in SYSTEMPATH\CodeIgniter.php on line 195.
 1 ROOTPATH\spark(83): CodeIgniter\CodeIgniter->initialize()
INFO - 2023-08-08 10:24:22 --> Session: Class initialized using 'CodeIgniter\Session\Handlers\FileHandler' driver.
INFO - 2023-08-08 10:24:59 --> Session: Class initialized using 'CodeIgniter\Session\Handlers\FileHandler' driver.
CRITICAL - 2023-08-08 10:24:59 --> Cannot use object of type stdClass as array
in APPPATH\Views\masuk\masuk.php on line 55.
 1 SYSTEMPATH\View\View.php(224): include()
 2 SYSTEMPATH\View\View.php(227): CodeIgniter\View\View->CodeIgniter\View\{closure}()
 3 SYSTEMPATH\Common.php(1176): CodeIgniter\View\View->render()
 4 APPPATH\Controllers\MasukController.php(30): view()
 5 SYSTEMPATH\CodeIgniter.php(932): App\Controllers\MasukController->index()
 6 SYSTEMPATH\CodeIgniter.php(497): CodeIgniter\CodeIgniter->runController()
 7 SYSTEMPATH\CodeIgniter.php(366): CodeIgniter\CodeIgniter->handleRequest()
 8 FCPATH\index.php(67): CodeIgniter\CodeIgniter->run()
 9 SYSTEMPATH\Commands\Server\rewrite.php(47): require_once('C:\\Users\\kodin\\OneDrive\\Documents\\Victor\\Koko Jo\\inventaris-daging\\public\\index.php')
INFO - 2023-08-08 10:25:09 --> Session: Class initialized using 'CodeIgniter\Session\Handlers\FileHandler' driver.
INFO - 2023-08-08 12:29:37 --> Session: Class initialized using 'CodeIgniter\Session\Handlers\FileHandler' driver.
INFO - 2023-08-08 12:29:38 --> Session: Class initialized using 'CodeIgniter\Session\Handlers\FileHandler' driver.
INFO - 2023-08-08 12:40:51 --> Session: Class initialized using 'CodeIgniter\Session\Handlers\FileHandler' driver.
INFO - 2023-08-08 12:41:02 --> Session: Class initialized using 'CodeIgniter\Session\Handlers\FileHandler' driver.
INFO - 2023-08-08 12:43:03 --> Session: Class initialized using 'CodeIgniter\Session\Handlers\FileHandler' driver.
INFO - 2023-08-08 12:43:05 --> Session: Class initialized using 'CodeIgniter\Session\Handlers\FileHandler' driver.
CRITICAL - 2023-08-08 12:43:05 --> Attempt to read property "id" on array
in APPPATH\Views\masuk\editMasuk.php on line 25.
 1 APPPATH\Views\masuk\editMasuk.php(25): CodeIgniter\Debug\Exceptions->errorHandler()
 2 SYSTEMPATH\View\View.php(224): include('C:\\Users\\kodin\\OneDrive\\Documents\\Victor\\Koko Jo\\inventaris-daging\\app\\Views\\masuk\\editMasuk.php')
 3 SYSTEMPATH\View\View.php(227): CodeIgniter\View\View->CodeIgniter\View\{closure}()
 4 SYSTEMPATH\Common.php(1176): CodeIgniter\View\View->render()
 5 APPPATH\Controllers\MasukController.php(76): view()
 6 SYSTEMPATH\CodeIgniter.php(932): App\Controllers\MasukController->edit()
 7 SYSTEMPATH\CodeIgniter.php(497): CodeIgniter\CodeIgniter->runController()
 8 SYSTEMPATH\CodeIgniter.php(366): CodeIgniter\CodeIgniter->handleRequest()
 9 FCPATH\index.php(67): CodeIgniter\CodeIgniter->run()
10 SYSTEMPATH\Commands\Server\rewrite.php(47): require_once('C:\\Users\\kodin\\OneDrive\\Documents\\Victor\\Koko Jo\\inventaris-daging\\public\\index.php')
INFO - 2023-08-08 12:43:38 --> Session: Class initialized using 'CodeIgniter\Session\Handlers\FileHandler' driver.
CRITICAL - 2023-08-08 12:43:38 --> Undefined array key "id"
in APPPATH\Views\masuk\editMasuk.php on line 25.
 1 APPPATH\Views\masuk\editMasuk.php(25): CodeIgniter\Debug\Exceptions->errorHandler()
 2 SYSTEMPATH\View\View.php(224): include('C:\\Users\\kodin\\OneDrive\\Documents\\Victor\\Koko Jo\\inventaris-daging\\app\\Views\\masuk\\editMasuk.php')
 3 SYSTEMPATH\View\View.php(227): CodeIgniter\View\View->CodeIgniter\View\{closure}()
 4 SYSTEMPATH\Common.php(1176): CodeIgniter\View\View->render()
 5 APPPATH\Controllers\MasukController.php(76): view()
 6 SYSTEMPATH\CodeIgniter.php(932): App\Controllers\MasukController->edit()
 7 SYSTEMPATH\CodeIgniter.php(497): CodeIgniter\CodeIgniter->runController()
 8 SYSTEMPATH\CodeIgniter.php(366): CodeIgniter\CodeIgniter->handleRequest()
 9 FCPATH\index.php(67): CodeIgniter\CodeIgniter->run()
10 SYSTEMPATH\Commands\Server\rewrite.php(47): require_once('C:\\Users\\kodin\\OneDrive\\Documents\\Victor\\Koko Jo\\inventaris-daging\\public\\index.php')
INFO - 2023-08-08 12:44:05 --> Session: Class initialized using 'CodeIgniter\Session\Handlers\FileHandler' driver.
CRITICAL - 2023-08-08 12:44:05 --> Undefined array key "id"
in APPPATH\Views\masuk\editMasuk.php on line 25.
 1 APPPATH\Views\masuk\editMasuk.php(25): CodeIgniter\Debug\Exceptions->errorHandler()
 2 SYSTEMPATH\View\View.php(224): include('C:\\Users\\kodin\\OneDrive\\Documents\\Victor\\Koko Jo\\inventaris-daging\\app\\Views\\masuk\\editMasuk.php')
 3 SYSTEMPATH\View\View.php(227): CodeIgniter\View\View->CodeIgniter\View\{closure}()
 4 SYSTEMPATH\Common.php(1176): CodeIgniter\View\View->render()
 5 APPPATH\Controllers\MasukController.php(76): view()
 6 SYSTEMPATH\CodeIgniter.php(932): App\Controllers\MasukController->edit()
 7 SYSTEMPATH\CodeIgniter.php(497): CodeIgniter\CodeIgniter->runController()
 8 SYSTEMPATH\CodeIgniter.php(366): CodeIgniter\CodeIgniter->handleRequest()
 9 FCPATH\index.php(67): CodeIgniter\CodeIgniter->run()
10 SYSTEMPATH\Commands\Server\rewrite.php(47): require_once('C:\\Users\\kodin\\OneDrive\\Documents\\Victor\\Koko Jo\\inventaris-daging\\public\\index.php')
INFO - 2023-08-08 12:48:06 --> Session: Class initialized using 'CodeIgniter\Session\Handlers\FileHandler' driver.
CRITICAL - 2023-08-08 12:48:06 --> Attempt to read property "id" on array
in APPPATH\Views\masuk\editMasuk.php on line 25.
 1 APPPATH\Views\masuk\editMasuk.php(25): CodeIgniter\Debug\Exceptions->errorHandler()
 2 SYSTEMPATH\View\View.php(224): include('C:\\Users\\kodin\\OneDrive\\Documents\\Victor\\Koko Jo\\inventaris-daging\\app\\Views\\masuk\\editMasuk.php')
 3 SYSTEMPATH\View\View.php(227): CodeIgniter\View\View->CodeIgniter\View\{closure}()
 4 SYSTEMPATH\Common.php(1176): CodeIgniter\View\View->render()
 5 APPPATH\Controllers\MasukController.php(76): view()
 6 SYSTEMPATH\CodeIgniter.php(932): App\Controllers\MasukController->edit()
 7 SYSTEMPATH\CodeIgniter.php(497): CodeIgniter\CodeIgniter->runController()
 8 SYSTEMPATH\CodeIgniter.php(366): CodeIgniter\CodeIgniter->handleRequest()
 9 FCPATH\index.php(67): CodeIgniter\CodeIgniter->run()
10 SYSTEMPATH\Commands\Server\rewrite.php(47): require_once('C:\\Users\\kodin\\OneDrive\\Documents\\Victor\\Koko Jo\\inventaris-daging\\public\\index.php')
INFO - 2023-08-08 13:16:13 --> Session: Class initialized using 'CodeIgniter\Session\Handlers\FileHandler' driver.
CRITICAL - 2023-08-08 13:16:14 --> Attempt to read property "id" on array
in APPPATH\Views\masuk\editMasuk.php on line 25.
 1 APPPATH\Views\masuk\editMasuk.php(25): CodeIgniter\Debug\Exceptions->errorHandler()
 2 SYSTEMPATH\View\View.php(224): include('C:\\Users\\kodin\\OneDrive\\Documents\\Victor\\Koko Jo\\inventaris-daging\\app\\Views\\masuk\\editMasuk.php')
 3 SYSTEMPATH\View\View.php(227): CodeIgniter\View\View->CodeIgniter\View\{closure}()
 4 SYSTEMPATH\Common.php(1176): CodeIgniter\View\View->render()
 5 APPPATH\Controllers\MasukController.php(76): view()
 6 SYSTEMPATH\CodeIgniter.php(932): App\Controllers\MasukController->edit()
 7 SYSTEMPATH\CodeIgniter.php(497): CodeIgniter\CodeIgniter->runController()
 8 SYSTEMPATH\CodeIgniter.php(366): CodeIgniter\CodeIgniter->handleRequest()
 9 FCPATH\index.php(67): CodeIgniter\CodeIgniter->run()
10 SYSTEMPATH\Commands\Server\rewrite.php(47): require_once('C:\\Users\\kodin\\OneDrive\\Documents\\Victor\\Koko Jo\\inventaris-daging\\public\\index.php')
INFO - 2023-08-08 13:29:02 --> Session: Class initialized using 'CodeIgniter\Session\Handlers\FileHandler' driver.
CRITICAL - 2023-08-08 13:29:02 --> Attempt to read property "id" on array
in APPPATH\Views\masuk\editMasuk.php on line 25.
 1 APPPATH\Views\masuk\editMasuk.php(25): CodeIgniter\Debug\Exceptions->errorHandler()
 2 SYSTEMPATH\View\View.php(224): include('C:\\Users\\kodin\\OneDrive\\Documents\\Victor\\Koko Jo\\inventaris-daging\\app\\Views\\masuk\\editMasuk.php')
 3 SYSTEMPATH\View\View.php(227): CodeIgniter\View\View->CodeIgniter\View\{closure}()
 4 SYSTEMPATH\Common.php(1176): CodeIgniter\View\View->render()
 5 APPPATH\Controllers\MasukController.php(76): view()
 6 SYSTEMPATH\CodeIgniter.php(932): App\Controllers\MasukController->edit()
 7 SYSTEMPATH\CodeIgniter.php(497): CodeIgniter\CodeIgniter->runController()
 8 SYSTEMPATH\CodeIgniter.php(366): CodeIgniter\CodeIgniter->handleRequest()
 9 FCPATH\index.php(67): CodeIgniter\CodeIgniter->run()
10 SYSTEMPATH\Commands\Server\rewrite.php(47): require_once('C:\\Users\\kodin\\OneDrive\\Documents\\Victor\\Koko Jo\\inventaris-daging\\public\\index.php')
INFO - 2023-08-08 13:30:06 --> Session: Class initialized using 'CodeIgniter\Session\Handlers\FileHandler' driver.
CRITICAL - 2023-08-08 13:30:06 --> Attempt to read property "id" on array
in APPPATH\Views\masuk\editMasuk.php on line 25.
 1 APPPATH\Views\masuk\editMasuk.php(25): CodeIgniter\Debug\Exceptions->errorHandler()
 2 SYSTEMPATH\View\View.php(224): include('C:\\Users\\kodin\\OneDrive\\Documents\\Victor\\Koko Jo\\inventaris-daging\\app\\Views\\masuk\\editMasuk.php')
 3 SYSTEMPATH\View\View.php(227): CodeIgniter\View\View->CodeIgniter\View\{closure}()
 4 SYSTEMPATH\Common.php(1176): CodeIgniter\View\View->render()
 5 APPPATH\Controllers\MasukController.php(76): view()
 6 SYSTEMPATH\CodeIgniter.php(932): App\Controllers\MasukController->edit()
 7 SYSTEMPATH\CodeIgniter.php(497): CodeIgniter\CodeIgniter->runController()
 8 SYSTEMPATH\CodeIgniter.php(366): CodeIgniter\CodeIgniter->handleRequest()
 9 FCPATH\index.php(67): CodeIgniter\CodeIgniter->run()
10 SYSTEMPATH\Commands\Server\rewrite.php(47): require_once('C:\\Users\\kodin\\OneDrive\\Documents\\Victor\\Koko Jo\\inventaris-daging\\public\\index.php')
INFO - 2023-08-08 13:31:04 --> Session: Class initialized using 'CodeIgniter\Session\Handlers\FileHandler' driver.
INFO - 2023-08-08 13:31:21 --> Session: Class initialized using 'CodeIgniter\Session\Handlers\FileHandler' driver.
INFO - 2023-08-08 13:31:42 --> Session: Class initialized using 'CodeIgniter\Session\Handlers\FileHandler' driver.
INFO - 2023-08-08 13:31:58 --> Session: Class initialized using 'CodeIgniter\Session\Handlers\FileHandler' driver.
INFO - 2023-08-08 13:31:59 --> Session: Class initialized using 'CodeIgniter\Session\Handlers\FileHandler' driver.
INFO - 2023-08-08 13:32:09 --> Session: Class initialized using 'CodeIgniter\Session\Handlers\FileHandler' driver.
INFO - 2023-08-08 13:32:24 --> Session: Class initialized using 'CodeIgniter\Session\Handlers\FileHandler' driver.
INFO - 2023-08-08 13:32:26 --> Session: Class initialized using 'CodeIgniter\Session\Handlers\FileHandler' driver.
INFO - 2023-08-08 13:32:38 --> Session: Class initialized using 'CodeIgniter\Session\Handlers\FileHandler' driver.
CRITICAL - 2023-08-08 13:32:38 --> Attempt to read property "id" on array
in APPPATH\Views\masuk\editMasuk.php on line 25.
 1 APPPATH\Views\masuk\editMasuk.php(25): CodeIgniter\Debug\Exceptions->errorHandler()
 2 SYSTEMPATH\View\View.php(224): include('C:\\Users\\kodin\\OneDrive\\Documents\\Victor\\Koko Jo\\inventaris-daging\\app\\Views\\masuk\\editMasuk.php')
 3 SYSTEMPATH\View\View.php(227): CodeIgniter\View\View->CodeIgniter\View\{closure}()
 4 SYSTEMPATH\Common.php(1176): CodeIgniter\View\View->render()
 5 APPPATH\Controllers\MasukController.php(76): view()
 6 SYSTEMPATH\CodeIgniter.php(932): App\Controllers\MasukController->edit()
 7 SYSTEMPATH\CodeIgniter.php(497): CodeIgniter\CodeIgniter->runController()
 8 SYSTEMPATH\CodeIgniter.php(366): CodeIgniter\CodeIgniter->handleRequest()
 9 FCPATH\index.php(67): CodeIgniter\CodeIgniter->run()
10 SYSTEMPATH\Commands\Server\rewrite.php(47): require_once('C:\\Users\\kodin\\OneDrive\\Documents\\Victor\\Koko Jo\\inventaris-daging\\public\\index.php')
INFO - 2023-08-08 13:32:44 --> Session: Class initialized using 'CodeIgniter\Session\Handlers\FileHandler' driver.
INFO - 2023-08-08 13:33:04 --> Session: Class initialized using 'CodeIgniter\Session\Handlers\FileHandler' driver.
CRITICAL - 2023-08-08 13:33:05 --> Attempt to read property "id" on array
in APPPATH\Views\masuk\editMasuk.php on line 27.
 1 APPPATH\Views\masuk\editMasuk.php(27): CodeIgniter\Debug\Exceptions->errorHandler()
 2 SYSTEMPATH\View\View.php(224): include('C:\\Users\\kodin\\OneDrive\\Documents\\Victor\\Koko Jo\\inventaris-daging\\app\\Views\\masuk\\editMasuk.php')
 3 SYSTEMPATH\View\View.php(227): CodeIgniter\View\View->CodeIgniter\View\{closure}()
 4 SYSTEMPATH\Common.php(1176): CodeIgniter\View\View->render()
 5 APPPATH\Controllers\MasukController.php(76): view()
 6 SYSTEMPATH\CodeIgniter.php(932): App\Controllers\MasukController->edit()
 7 SYSTEMPATH\CodeIgniter.php(497): CodeIgniter\CodeIgniter->runController()
 8 SYSTEMPATH\CodeIgniter.php(366): CodeIgniter\CodeIgniter->handleRequest()
 9 FCPATH\index.php(67): CodeIgniter\CodeIgniter->run()
10 SYSTEMPATH\Commands\Server\rewrite.php(47): require_once('C:\\Users\\kodin\\OneDrive\\Documents\\Victor\\Koko Jo\\inventaris-daging\\public\\index.php')
INFO - 2023-08-08 13:33:40 --> Session: Class initialized using 'CodeIgniter\Session\Handlers\FileHandler' driver.
CRITICAL - 2023-08-08 13:33:40 --> Attempt to read property "iddaging" on string
in APPPATH\Views\masuk\editMasuk.php on line 34.
 1 APPPATH\Views\masuk\editMasuk.php(34): CodeIgniter\Debug\Exceptions->errorHandler()
 2 SYSTEMPATH\View\View.php(224): include('C:\\Users\\kodin\\OneDrive\\Documents\\Victor\\Koko Jo\\inventaris-daging\\app\\Views\\masuk\\editMasuk.php')
 3 SYSTEMPATH\View\View.php(227): CodeIgniter\View\View->CodeIgniter\View\{closure}()
 4 SYSTEMPATH\Common.php(1176): CodeIgniter\View\View->render()
 5 APPPATH\Controllers\MasukController.php(76): view()
 6 SYSTEMPATH\CodeIgniter.php(932): App\Controllers\MasukController->edit()
 7 SYSTEMPATH\CodeIgniter.php(497): CodeIgniter\CodeIgniter->runController()
 8 SYSTEMPATH\CodeIgniter.php(366): CodeIgniter\CodeIgniter->handleRequest()
 9 FCPATH\index.php(67): CodeIgniter\CodeIgniter->run()
10 SYSTEMPATH\Commands\Server\rewrite.php(47): require_once('C:\\Users\\kodin\\OneDrive\\Documents\\Victor\\Koko Jo\\inventaris-daging\\public\\index.php')
INFO - 2023-08-08 13:34:10 --> Session: Class initialized using 'CodeIgniter\Session\Handlers\FileHandler' driver.
CRITICAL - 2023-08-08 13:34:11 --> Attempt to read property "iddaging" on string
in APPPATH\Views\masuk\editMasuk.php on line 34.
 1 APPPATH\Views\masuk\editMasuk.php(34): CodeIgniter\Debug\Exceptions->errorHandler()
 2 SYSTEMPATH\View\View.php(224): include('C:\\Users\\kodin\\OneDrive\\Documents\\Victor\\Koko Jo\\inventaris-daging\\app\\Views\\masuk\\editMasuk.php')
 3 SYSTEMPATH\View\View.php(227): CodeIgniter\View\View->CodeIgniter\View\{closure}()
 4 SYSTEMPATH\Common.php(1176): CodeIgniter\View\View->render()
 5 APPPATH\Controllers\MasukController.php(76): view()
 6 SYSTEMPATH\CodeIgniter.php(932): App\Controllers\MasukController->edit()
 7 SYSTEMPATH\CodeIgniter.php(497): CodeIgniter\CodeIgniter->runController()
 8 SYSTEMPATH\CodeIgniter.php(366): CodeIgniter\CodeIgniter->handleRequest()
 9 FCPATH\index.php(67): CodeIgniter\CodeIgniter->run()
10 SYSTEMPATH\Commands\Server\rewrite.php(47): require_once('C:\\Users\\kodin\\OneDrive\\Documents\\Victor\\Koko Jo\\inventaris-daging\\public\\index.php')
INFO - 2023-08-08 13:34:22 --> Session: Class initialized using 'CodeIgniter\Session\Handlers\FileHandler' driver.
CRITICAL - 2023-08-08 13:34:22 --> Attempt to read property "iddaging" on string
in APPPATH\Views\masuk\editMasuk.php on line 34.
 1 APPPATH\Views\masuk\editMasuk.php(34): CodeIgniter\Debug\Exceptions->errorHandler()
 2 SYSTEMPATH\View\View.php(224): include('C:\\Users\\kodin\\OneDrive\\Documents\\Victor\\Koko Jo\\inventaris-daging\\app\\Views\\masuk\\editMasuk.php')
 3 SYSTEMPATH\View\View.php(227): CodeIgniter\View\View->CodeIgniter\View\{closure}()
 4 SYSTEMPATH\Common.php(1176): CodeIgniter\View\View->render()
 5 APPPATH\Controllers\MasukController.php(76): view()
 6 SYSTEMPATH\CodeIgniter.php(932): App\Controllers\MasukController->edit()
 7 SYSTEMPATH\CodeIgniter.php(497): CodeIgniter\CodeIgniter->runController()
 8 SYSTEMPATH\CodeIgniter.php(366): CodeIgniter\CodeIgniter->handleRequest()
 9 FCPATH\index.php(67): CodeIgniter\CodeIgniter->run()
10 SYSTEMPATH\Commands\Server\rewrite.php(47): require_once('C:\\Users\\kodin\\OneDrive\\Documents\\Victor\\Koko Jo\\inventaris-daging\\public\\index.php')
INFO - 2023-08-08 13:34:35 --> Session: Class initialized using 'CodeIgniter\Session\Handlers\FileHandler' driver.
CRITICAL - 2023-08-08 13:34:36 --> Attempt to read property "id" on string
in APPPATH\Views\masuk\editMasuk.php on line 34.
 1 APPPATH\Views\masuk\editMasuk.php(34): CodeIgniter\Debug\Exceptions->errorHandler()
 2 SYSTEMPATH\View\View.php(224): include('C:\\Users\\kodin\\OneDrive\\Documents\\Victor\\Koko Jo\\inventaris-daging\\app\\Views\\masuk\\editMasuk.php')
 3 SYSTEMPATH\View\View.php(227): CodeIgniter\View\View->CodeIgniter\View\{closure}()
 4 SYSTEMPATH\Common.php(1176): CodeIgniter\View\View->render()
 5 APPPATH\Controllers\MasukController.php(76): view()
 6 SYSTEMPATH\CodeIgniter.php(932): App\Controllers\MasukController->edit()
 7 SYSTEMPATH\CodeIgniter.php(497): CodeIgniter\CodeIgniter->runController()
 8 SYSTEMPATH\CodeIgniter.php(366): CodeIgniter\CodeIgniter->handleRequest()
 9 FCPATH\index.php(67): CodeIgniter\CodeIgniter->run()
10 SYSTEMPATH\Commands\Server\rewrite.php(47): require_once('C:\\Users\\kodin\\OneDrive\\Documents\\Victor\\Koko Jo\\inventaris-daging\\public\\index.php')
INFO - 2023-08-08 13:36:04 --> Session: Class initialized using 'CodeIgniter\Session\Handlers\FileHandler' driver.
CRITICAL - 2023-08-08 13:36:05 --> Undefined array key 0
in APPPATH\Views\masuk\editMasuk.php on line 34.
 1 APPPATH\Views\masuk\editMasuk.php(34): CodeIgniter\Debug\Exceptions->errorHandler()
 2 SYSTEMPATH\View\View.php(224): include('C:\\Users\\kodin\\OneDrive\\Documents\\Victor\\Koko Jo\\inventaris-daging\\app\\Views\\masuk\\editMasuk.php')
 3 SYSTEMPATH\View\View.php(227): CodeIgniter\View\View->CodeIgniter\View\{closure}()
 4 SYSTEMPATH\Common.php(1176): CodeIgniter\View\View->render()
 5 APPPATH\Controllers\MasukController.php(76): view()
 6 SYSTEMPATH\CodeIgniter.php(932): App\Controllers\MasukController->edit()
 7 SYSTEMPATH\CodeIgniter.php(497): CodeIgniter\CodeIgniter->runController()
 8 SYSTEMPATH\CodeIgniter.php(366): CodeIgniter\CodeIgniter->handleRequest()
 9 FCPATH\index.php(67): CodeIgniter\CodeIgniter->run()
10 SYSTEMPATH\Commands\Server\rewrite.php(47): require_once('C:\\Users\\kodin\\OneDrive\\Documents\\Victor\\Koko Jo\\inventaris-daging\\public\\index.php')
INFO - 2023-08-08 13:36:18 --> Session: Class initialized using 'CodeIgniter\Session\Handlers\FileHandler' driver.
CRITICAL - 2023-08-08 13:36:19 --> Attempt to read property "id" on array
in APPPATH\Views\masuk\editMasuk.php on line 34.
 1 APPPATH\Views\masuk\editMasuk.php(34): CodeIgniter\Debug\Exceptions->errorHandler()
 2 SYSTEMPATH\View\View.php(224): include('C:\\Users\\kodin\\OneDrive\\Documents\\Victor\\Koko Jo\\inventaris-daging\\app\\Views\\masuk\\editMasuk.php')
 3 SYSTEMPATH\View\View.php(227): CodeIgniter\View\View->CodeIgniter\View\{closure}()
 4 SYSTEMPATH\Common.php(1176): CodeIgniter\View\View->render()
 5 APPPATH\Controllers\MasukController.php(76): view()
 6 SYSTEMPATH\CodeIgniter.php(932): App\Controllers\MasukController->edit()
 7 SYSTEMPATH\CodeIgniter.php(497): CodeIgniter\CodeIgniter->runController()
 8 SYSTEMPATH\CodeIgniter.php(366): CodeIgniter\CodeIgniter->handleRequest()
 9 FCPATH\index.php(67): CodeIgniter\CodeIgniter->run()
10 SYSTEMPATH\Commands\Server\rewrite.php(47): require_once('C:\\Users\\kodin\\OneDrive\\Documents\\Victor\\Koko Jo\\inventaris-daging\\public\\index.php')
INFO - 2023-08-08 13:36:42 --> Session: Class initialized using 'CodeIgniter\Session\Handlers\FileHandler' driver.
CRITICAL - 2023-08-08 13:36:43 --> Undefined array key "id"
in APPPATH\Views\masuk\editMasuk.php on line 34.
 1 APPPATH\Views\masuk\editMasuk.php(34): CodeIgniter\Debug\Exceptions->errorHandler()
 2 SYSTEMPATH\View\View.php(224): include('C:\\Users\\kodin\\OneDrive\\Documents\\Victor\\Koko Jo\\inventaris-daging\\app\\Views\\masuk\\editMasuk.php')
 3 SYSTEMPATH\View\View.php(227): CodeIgniter\View\View->CodeIgniter\View\{closure}()
 4 SYSTEMPATH\Common.php(1176): CodeIgniter\View\View->render()
 5 APPPATH\Controllers\MasukController.php(76): view()
 6 SYSTEMPATH\CodeIgniter.php(932): App\Controllers\MasukController->edit()
 7 SYSTEMPATH\CodeIgniter.php(497): CodeIgniter\CodeIgniter->runController()
 8 SYSTEMPATH\CodeIgniter.php(366): CodeIgniter\CodeIgniter->handleRequest()
 9 FCPATH\index.php(67): CodeIgniter\CodeIgniter->run()
10 SYSTEMPATH\Commands\Server\rewrite.php(47): require_once('C:\\Users\\kodin\\OneDrive\\Documents\\Victor\\Koko Jo\\inventaris-daging\\public\\index.php')
INFO - 2023-08-08 13:36:52 --> Session: Class initialized using 'CodeIgniter\Session\Handlers\FileHandler' driver.
INFO - 2023-08-08 13:37:05 --> Session: Class initialized using 'CodeIgniter\Session\Handlers\FileHandler' driver.
INFO - 2023-08-08 13:37:13 --> Session: Class initialized using 'CodeIgniter\Session\Handlers\FileHandler' driver.
INFO - 2023-08-08 13:37:39 --> Session: Class initialized using 'CodeIgniter\Session\Handlers\FileHandler' driver.
INFO - 2023-08-08 13:37:47 --> Session: Class initialized using 'CodeIgniter\Session\Handlers\FileHandler' driver.
INFO - 2023-08-08 13:39:05 --> Session: Class initialized using 'CodeIgniter\Session\Handlers\FileHandler' driver.
INFO - 2023-08-08 13:39:35 --> Session: Class initialized using 'CodeIgniter\Session\Handlers\FileHandler' driver.
INFO - 2023-08-08 13:53:48 --> Session: Class initialized using 'CodeIgniter\Session\Handlers\FileHandler' driver.
INFO - 2023-08-08 13:53:52 --> Session: Class initialized using 'CodeIgniter\Session\Handlers\FileHandler' driver.
INFO - 2023-08-08 13:53:58 --> Session: Class initialized using 'CodeIgniter\Session\Handlers\FileHandler' driver.
INFO - 2023-08-08 13:54:04 --> Session: Class initialized using 'CodeIgniter\Session\Handlers\FileHandler' driver.
INFO - 2023-08-08 13:54:22 --> Session: Class initialized using 'CodeIgniter\Session\Handlers\FileHandler' driver.
CRITICAL - 2023-08-08 13:54:23 --> Cannot use object of type stdClass as array
in APPPATH\Views\masuk\editMasuk.php on line 25.
 1 SYSTEMPATH\View\View.php(224): include()
 2 SYSTEMPATH\View\View.php(227): CodeIgniter\View\View->CodeIgniter\View\{closure}()
 3 SYSTEMPATH\Common.php(1176): CodeIgniter\View\View->render()
 4 APPPATH\Controllers\MasukController.php(72): view()
 5 SYSTEMPATH\CodeIgniter.php(932): App\Controllers\MasukController->edit()
 6 SYSTEMPATH\CodeIgniter.php(497): CodeIgniter\CodeIgniter->runController()
 7 SYSTEMPATH\CodeIgniter.php(366): CodeIgniter\CodeIgniter->handleRequest()
 8 FCPATH\index.php(67): CodeIgniter\CodeIgniter->run()
 9 SYSTEMPATH\Commands\Server\rewrite.php(47): require_once('C:\\Users\\kodin\\OneDrive\\Documents\\Victor\\Koko Jo\\inventaris-daging\\public\\index.php')
INFO - 2023-08-08 13:55:40 --> Session: Class initialized using 'CodeIgniter\Session\Handlers\FileHandler' driver.
CRITICAL - 2023-08-08 13:55:40 --> Cannot use object of type stdClass as array
in APPPATH\Views\masuk\editMasuk.php on line 25.
 1 SYSTEMPATH\View\View.php(224): include()
 2 SYSTEMPATH\View\View.php(227): CodeIgniter\View\View->CodeIgniter\View\{closure}()
 3 SYSTEMPATH\Common.php(1176): CodeIgniter\View\View->render()
 4 APPPATH\Controllers\MasukController.php(72): view()
 5 SYSTEMPATH\CodeIgniter.php(932): App\Controllers\MasukController->edit()
 6 SYSTEMPATH\CodeIgniter.php(497): CodeIgniter\CodeIgniter->runController()
 7 SYSTEMPATH\CodeIgniter.php(366): CodeIgniter\CodeIgniter->handleRequest()
 8 FCPATH\index.php(67): CodeIgniter\CodeIgniter->run()
 9 SYSTEMPATH\Commands\Server\rewrite.php(47): require_once('C:\\Users\\kodin\\OneDrive\\Documents\\Victor\\Koko Jo\\inventaris-daging\\public\\index.php')
INFO - 2023-08-08 13:55:58 --> Session: Class initialized using 'CodeIgniter\Session\Handlers\FileHandler' driver.
CRITICAL - 2023-08-08 13:55:59 --> Cannot use object of type stdClass as array
in APPPATH\Views\masuk\editMasuk.php on line 27.
 1 SYSTEMPATH\View\View.php(224): include()
 2 SYSTEMPATH\View\View.php(227): CodeIgniter\View\View->CodeIgniter\View\{closure}()
 3 SYSTEMPATH\Common.php(1176): CodeIgniter\View\View->render()
 4 APPPATH\Controllers\MasukController.php(72): view()
 5 SYSTEMPATH\CodeIgniter.php(932): App\Controllers\MasukController->edit()
 6 SYSTEMPATH\CodeIgniter.php(497): CodeIgniter\CodeIgniter->runController()
 7 SYSTEMPATH\CodeIgniter.php(366): CodeIgniter\CodeIgniter->handleRequest()
 8 FCPATH\index.php(67): CodeIgniter\CodeIgniter->run()
 9 SYSTEMPATH\Commands\Server\rewrite.php(47): require_once('C:\\Users\\kodin\\OneDrive\\Documents\\Victor\\Koko Jo\\inventaris-daging\\public\\index.php')
INFO - 2023-08-08 13:56:33 --> Session: Class initialized using 'CodeIgniter\Session\Handlers\FileHandler' driver.
CRITICAL - 2023-08-08 13:56:33 --> Cannot access offset of type string on string
in APPPATH\Views\masuk\editMasuk.php on line 34.
 1 SYSTEMPATH\View\View.php(224): include()
 2 SYSTEMPATH\View\View.php(227): CodeIgniter\View\View->CodeIgniter\View\{closure}()
 3 SYSTEMPATH\Common.php(1176): CodeIgniter\View\View->render()
 4 APPPATH\Controllers\MasukController.php(72): view()
 5 SYSTEMPATH\CodeIgniter.php(932): App\Controllers\MasukController->edit()
 6 SYSTEMPATH\CodeIgniter.php(497): CodeIgniter\CodeIgniter->runController()
 7 SYSTEMPATH\CodeIgniter.php(366): CodeIgniter\CodeIgniter->handleRequest()
 8 FCPATH\index.php(67): CodeIgniter\CodeIgniter->run()
 9 SYSTEMPATH\Commands\Server\rewrite.php(47): require_once('C:\\Users\\kodin\\OneDrive\\Documents\\Victor\\Koko Jo\\inventaris-daging\\public\\index.php')
INFO - 2023-08-08 13:57:00 --> Session: Class initialized using 'CodeIgniter\Session\Handlers\FileHandler' driver.
CRITICAL - 2023-08-08 13:57:00 --> Attempt to read property "iddaging" on string
in APPPATH\Views\masuk\editMasuk.php on line 34.
 1 APPPATH\Views\masuk\editMasuk.php(34): CodeIgniter\Debug\Exceptions->errorHandler()
 2 SYSTEMPATH\View\View.php(224): include('C:\\Users\\kodin\\OneDrive\\Documents\\Victor\\Koko Jo\\inventaris-daging\\app\\Views\\masuk\\editMasuk.php')
 3 SYSTEMPATH\View\View.php(227): CodeIgniter\View\View->CodeIgniter\View\{closure}()
 4 SYSTEMPATH\Common.php(1176): CodeIgniter\View\View->render()
 5 APPPATH\Controllers\MasukController.php(72): view()
 6 SYSTEMPATH\CodeIgniter.php(932): App\Controllers\MasukController->edit()
 7 SYSTEMPATH\CodeIgniter.php(497): CodeIgniter\CodeIgniter->runController()
 8 SYSTEMPATH\CodeIgniter.php(366): CodeIgniter\CodeIgniter->handleRequest()
 9 FCPATH\index.php(67): CodeIgniter\CodeIgniter->run()
10 SYSTEMPATH\Commands\Server\rewrite.php(47): require_once('C:\\Users\\kodin\\OneDrive\\Documents\\Victor\\Koko Jo\\inventaris-daging\\public\\index.php')
INFO - 2023-08-08 13:57:19 --> Session: Class initialized using 'CodeIgniter\Session\Handlers\FileHandler' driver.
INFO - 2023-08-08 13:58:27 --> Session: Class initialized using 'CodeIgniter\Session\Handlers\FileHandler' driver.
INFO - 2023-08-08 13:58:37 --> Session: Class initialized using 'CodeIgniter\Session\Handlers\FileHandler' driver.
CRITICAL - 2023-08-08 13:58:38 --> Attempt to read property "iddaging" on string
in APPPATH\Views\masuk\editMasuk.php on line 34.
 1 APPPATH\Views\masuk\editMasuk.php(34): CodeIgniter\Debug\Exceptions->errorHandler()
 2 SYSTEMPATH\View\View.php(224): include('C:\\Users\\kodin\\OneDrive\\Documents\\Victor\\Koko Jo\\inventaris-daging\\app\\Views\\masuk\\editMasuk.php')
 3 SYSTEMPATH\View\View.php(227): CodeIgniter\View\View->CodeIgniter\View\{closure}()
 4 SYSTEMPATH\Common.php(1176): CodeIgniter\View\View->render()
 5 APPPATH\Controllers\MasukController.php(72): view()
 6 SYSTEMPATH\CodeIgniter.php(932): App\Controllers\MasukController->edit()
 7 SYSTEMPATH\CodeIgniter.php(497): CodeIgniter\CodeIgniter->runController()
 8 SYSTEMPATH\CodeIgniter.php(366): CodeIgniter\CodeIgniter->handleRequest()
 9 FCPATH\index.php(67): CodeIgniter\CodeIgniter->run()
10 SYSTEMPATH\Commands\Server\rewrite.php(47): require_once('C:\\Users\\kodin\\OneDrive\\Documents\\Victor\\Koko Jo\\inventaris-daging\\public\\index.php')
INFO - 2023-08-08 13:59:19 --> Session: Class initialized using 'CodeIgniter\Session\Handlers\FileHandler' driver.
CRITICAL - 2023-08-08 13:59:19 --> Attempt to read property "iddaging" on string
in APPPATH\Views\masuk\editMasuk.php on line 34.
 1 APPPATH\Views\masuk\editMasuk.php(34): CodeIgniter\Debug\Exceptions->errorHandler()
 2 SYSTEMPATH\View\View.php(224): include('C:\\Users\\kodin\\OneDrive\\Documents\\Victor\\Koko Jo\\inventaris-daging\\app\\Views\\masuk\\editMasuk.php')
 3 SYSTEMPATH\View\View.php(227): CodeIgniter\View\View->CodeIgniter\View\{closure}()
 4 SYSTEMPATH\Common.php(1176): CodeIgniter\View\View->render()
 5 APPPATH\Controllers\MasukController.php(72): view()
 6 SYSTEMPATH\CodeIgniter.php(932): App\Controllers\MasukController->edit()
 7 SYSTEMPATH\CodeIgniter.php(497): CodeIgniter\CodeIgniter->runController()
 8 SYSTEMPATH\CodeIgniter.php(366): CodeIgniter\CodeIgniter->handleRequest()
 9 FCPATH\index.php(67): CodeIgniter\CodeIgniter->run()
10 SYSTEMPATH\Commands\Server\rewrite.php(47): require_once('C:\\Users\\kodin\\OneDrive\\Documents\\Victor\\Koko Jo\\inventaris-daging\\public\\index.php')
INFO - 2023-08-08 13:59:47 --> Session: Class initialized using 'CodeIgniter\Session\Handlers\FileHandler' driver.
CRITICAL - 2023-08-08 13:59:47 --> Attempt to read property "iddaging" on string
in APPPATH\Views\masuk\editMasuk.php on line 34.
 1 APPPATH\Views\masuk\editMasuk.php(34): CodeIgniter\Debug\Exceptions->errorHandler()
 2 SYSTEMPATH\View\View.php(224): include('C:\\Users\\kodin\\OneDrive\\Documents\\Victor\\Koko Jo\\inventaris-daging\\app\\Views\\masuk\\editMasuk.php')
 3 SYSTEMPATH\View\View.php(227): CodeIgniter\View\View->CodeIgniter\View\{closure}()
 4 SYSTEMPATH\Common.php(1176): CodeIgniter\View\View->render()
 5 APPPATH\Controllers\MasukController.php(72): view()
 6 SYSTEMPATH\CodeIgniter.php(932): App\Controllers\MasukController->edit()
 7 SYSTEMPATH\CodeIgniter.php(497): CodeIgniter\CodeIgniter->runController()
 8 SYSTEMPATH\CodeIgniter.php(366): CodeIgniter\CodeIgniter->handleRequest()
 9 FCPATH\index.php(67): CodeIgniter\CodeIgniter->run()
10 SYSTEMPATH\Commands\Server\rewrite.php(47): require_once('C:\\Users\\kodin\\OneDrive\\Documents\\Victor\\Koko Jo\\inventaris-daging\\public\\index.php')
INFO - 2023-08-08 14:00:34 --> Session: Class initialized using 'CodeIgniter\Session\Handlers\FileHandler' driver.
CRITICAL - 2023-08-08 14:00:35 --> Attempt to read property "id_jenis_daging" on string
in APPPATH\Views\masuk\editMasuk.php on line 34.
 1 APPPATH\Views\masuk\editMasuk.php(34): CodeIgniter\Debug\Exceptions->errorHandler()
 2 SYSTEMPATH\View\View.php(224): include('C:\\Users\\kodin\\OneDrive\\Documents\\Victor\\Koko Jo\\inventaris-daging\\app\\Views\\masuk\\editMasuk.php')
 3 SYSTEMPATH\View\View.php(227): CodeIgniter\View\View->CodeIgniter\View\{closure}()
 4 SYSTEMPATH\Common.php(1176): CodeIgniter\View\View->render()
 5 APPPATH\Controllers\MasukController.php(72): view()
 6 SYSTEMPATH\CodeIgniter.php(932): App\Controllers\MasukController->edit()
 7 SYSTEMPATH\CodeIgniter.php(497): CodeIgniter\CodeIgniter->runController()
 8 SYSTEMPATH\CodeIgniter.php(366): CodeIgniter\CodeIgniter->handleRequest()
 9 FCPATH\index.php(67): CodeIgniter\CodeIgniter->run()
10 SYSTEMPATH\Commands\Server\rewrite.php(47): require_once('C:\\Users\\kodin\\OneDrive\\Documents\\Victor\\Koko Jo\\inventaris-daging\\public\\index.php')
INFO - 2023-08-08 14:00:56 --> Session: Class initialized using 'CodeIgniter\Session\Handlers\FileHandler' driver.
INFO - 2023-08-08 14:02:12 --> Session: Class initialized using 'CodeIgniter\Session\Handlers\FileHandler' driver.
INFO - 2023-08-08 14:03:42 --> Session: Class initialized using 'CodeIgniter\Session\Handlers\FileHandler' driver.
INFO - 2023-08-08 14:03:53 --> Session: Class initialized using 'CodeIgniter\Session\Handlers\FileHandler' driver.
CRITICAL - 2023-08-08 14:03:54 --> Attempt to read property "nama_jenis" on array
in APPPATH\Views\masuk\editMasuk.php on line 34.
 1 APPPATH\Views\masuk\editMasuk.php(34): CodeIgniter\Debug\Exceptions->errorHandler()
 2 SYSTEMPATH\View\View.php(224): include('C:\\Users\\kodin\\OneDrive\\Documents\\Victor\\Koko Jo\\inventaris-daging\\app\\Views\\masuk\\editMasuk.php')
 3 SYSTEMPATH\View\View.php(227): CodeIgniter\View\View->CodeIgniter\View\{closure}()
 4 SYSTEMPATH\Common.php(1176): CodeIgniter\View\View->render()
 5 APPPATH\Controllers\MasukController.php(73): view()
 6 SYSTEMPATH\CodeIgniter.php(932): App\Controllers\MasukController->edit()
 7 SYSTEMPATH\CodeIgniter.php(497): CodeIgniter\CodeIgniter->runController()
 8 SYSTEMPATH\CodeIgniter.php(366): CodeIgniter\CodeIgniter->handleRequest()
 9 FCPATH\index.php(67): CodeIgniter\CodeIgniter->run()
10 SYSTEMPATH\Commands\Server\rewrite.php(47): require_once('C:\\Users\\kodin\\OneDrive\\Documents\\Victor\\Koko Jo\\inventaris-daging\\public\\index.php')
INFO - 2023-08-08 14:04:35 --> Session: Class initialized using 'CodeIgniter\Session\Handlers\FileHandler' driver.
INFO - 2023-08-08 14:04:46 --> Session: Class initialized using 'CodeIgniter\Session\Handlers\FileHandler' driver.
INFO - 2023-08-08 14:04:56 --> Session: Class initialized using 'CodeIgniter\Session\Handlers\FileHandler' driver.
INFO - 2023-08-08 14:04:57 --> Session: Class initialized using 'CodeIgniter\Session\Handlers\FileHandler' driver.
INFO - 2023-08-08 14:05:11 --> Session: Class initialized using 'CodeIgniter\Session\Handlers\FileHandler' driver.
INFO - 2023-08-08 14:05:12 --> Session: Class initialized using 'CodeIgniter\Session\Handlers\FileHandler' driver.
INFO - 2023-08-08 14:05:20 --> Session: Class initialized using 'CodeIgniter\Session\Handlers\FileHandler' driver.
INFO - 2023-08-08 14:06:05 --> Session: Class initialized using 'CodeIgniter\Session\Handlers\FileHandler' driver.
CRITICAL - 2023-08-08 14:06:05 --> There is no data to update.
in SYSTEMPATH\BaseModel.php on line 924.
 1 SYSTEMPATH\BaseModel.php(924): CodeIgniter\Database\Exceptions\DataException::forEmptyDataset()
 2 SYSTEMPATH\Model.php(756): CodeIgniter\BaseModel->update()
 3 APPPATH\Controllers\MasukController.php(84): CodeIgniter\Model->update()
 4 SYSTEMPATH\CodeIgniter.php(932): App\Controllers\MasukController->update()
 5 SYSTEMPATH\CodeIgniter.php(497): CodeIgniter\CodeIgniter->runController()
 6 SYSTEMPATH\CodeIgniter.php(366): CodeIgniter\CodeIgniter->handleRequest()
 7 FCPATH\index.php(67): CodeIgniter\CodeIgniter->run()
 8 SYSTEMPATH\Commands\Server\rewrite.php(47): require_once('C:\\Users\\kodin\\OneDrive\\Documents\\Victor\\Koko Jo\\inventaris-daging\\public\\index.php')
INFO - 2023-08-08 14:06:12 --> Session: Class initialized using 'CodeIgniter\Session\Handlers\FileHandler' driver.
INFO - 2023-08-08 14:06:29 --> Session: Class initialized using 'CodeIgniter\Session\Handlers\FileHandler' driver.
INFO - 2023-08-08 14:06:37 --> Session: Class initialized using 'CodeIgniter\Session\Handlers\FileHandler' driver.
INFO - 2023-08-08 14:06:46 --> Session: Class initialized using 'CodeIgniter\Session\Handlers\FileHandler' driver.
INFO - 2023-08-08 14:06:53 --> Session: Class initialized using 'CodeIgniter\Session\Handlers\FileHandler' driver.
INFO - 2023-08-08 14:07:14 --> Session: Class initialized using 'CodeIgniter\Session\Handlers\FileHandler' driver.
INFO - 2023-08-08 14:07:22 --> Session: Class initialized using 'CodeIgniter\Session\Handlers\FileHandler' driver.
INFO - 2023-08-08 14:07:31 --> Session: Class initialized using 'CodeIgniter\Session\Handlers\FileHandler' driver.
INFO - 2023-08-08 14:07:35 --> Session: Class initialized using 'CodeIgniter\Session\Handlers\FileHandler' driver.
INFO - 2023-08-08 14:07:46 --> Session: Class initialized using 'CodeIgniter\Session\Handlers\FileHandler' driver.
INFO - 2023-08-08 14:10:47 --> Session: Class initialized using 'CodeIgniter\Session\Handlers\FileHandler' driver.
INFO - 2023-08-08 14:11:00 --> Session: Class initialized using 'CodeIgniter\Session\Handlers\FileHandler' driver.
INFO - 2023-08-08 14:11:27 --> Session: Class initialized using 'CodeIgniter\Session\Handlers\FileHandler' driver.
CRITICAL - 2023-08-08 14:11:27 --> There is no data to update.
in SYSTEMPATH\BaseModel.php on line 924.
 1 SYSTEMPATH\BaseModel.php(924): CodeIgniter\Database\Exceptions\DataException::forEmptyDataset()
 2 SYSTEMPATH\Model.php(756): CodeIgniter\BaseModel->update()
 3 APPPATH\Controllers\MasukController.php(86): CodeIgniter\Model->update()
 4 SYSTEMPATH\CodeIgniter.php(932): App\Controllers\MasukController->update()
 5 SYSTEMPATH\CodeIgniter.php(497): CodeIgniter\CodeIgniter->runController()
 6 SYSTEMPATH\CodeIgniter.php(366): CodeIgniter\CodeIgniter->handleRequest()
 7 FCPATH\index.php(67): CodeIgniter\CodeIgniter->run()
 8 SYSTEMPATH\Commands\Server\rewrite.php(47): require_once('C:\\Users\\kodin\\OneDrive\\Documents\\Victor\\Koko Jo\\inventaris-daging\\public\\index.php')
INFO - 2023-08-08 14:11:44 --> Session: Class initialized using 'CodeIgniter\Session\Handlers\FileHandler' driver.
INFO - 2023-08-08 14:11:46 --> Session: Class initialized using 'CodeIgniter\Session\Handlers\FileHandler' driver.
