ERROR - 2023-08-15 13:49:55 --> Error connecting to the database: mysqli_sql_exception: Access denied for user 'root'@'localhost' (using password: NO) in C:\Users\kodin\OneDrive\Documents\Victor\Koko Jo\inventaris-daging\system\Database\MySQLi\Connection.php:173
Stack trace:
#0 C:\Users\kodin\OneDrive\Documents\Victor\Koko Jo\inventaris-daging\system\Database\MySQLi\Connection.php(173): mysqli->real_connect()
#1 C:\Users\kodin\OneDrive\Documents\Victor\Koko Jo\inventaris-daging\system\Database\BaseConnection.php(391): CodeIgniter\Database\MySQLi\Connection->connect()
#2 C:\Users\kodin\OneDrive\Documents\Victor\Koko Jo\inventaris-daging\system\Database\BaseConnection.php(574): CodeIgniter\Database\BaseConnection->initialize()
#3 C:\Users\kodin\OneDrive\Documents\Victor\Koko Jo\inventaris-daging\system\Database\BaseConnection.php(1409): CodeIgniter\Database\BaseConnection->query()
#4 C:\Users\kodin\OneDrive\Documents\Victor\Koko Jo\inventaris-daging\system\Database\BaseConnection.php(1428): CodeIgniter\Database\BaseConnection->listTables()
#5 C:\Users\kodin\OneDrive\Documents\Victor\Koko Jo\inventaris-daging\system\Database\MigrationRunner.php(768): CodeIgniter\Database\BaseConnection->tableExists()
#6 C:\Users\kodin\OneDrive\Documents\Victor\Koko Jo\inventaris-daging\system\Database\MigrationRunner.php(168): CodeIgniter\Database\MigrationRunner->ensureTable()
#7 C:\Users\kodin\OneDrive\Documents\Victor\Koko Jo\inventaris-daging\system\Commands\Database\Migrate.php(84): CodeIgniter\Database\MigrationRunner->latest()
#8 C:\Users\kodin\OneDrive\Documents\Victor\Koko Jo\inventaris-daging\system\CLI\Commands.php(65): CodeIgniter\Commands\Database\Migrate->run()
#9 C:\Users\kodin\OneDrive\Documents\Victor\Koko Jo\inventaris-daging\system\CLI\Console.php(37): CodeIgniter\CLI\Commands->run()
#10 C:\Users\kodin\OneDrive\Documents\Victor\Koko Jo\inventaris-daging\spark(97): CodeIgniter\CLI\Console->run()
#11 {main}

Next CodeIgniter\Database\Exceptions\DatabaseException: Access denied for user '****'@'localhost' (using password: NO) in C:\Users\kodin\OneDrive\Documents\Victor\Koko Jo\inventaris-daging\system\Database\MySQLi\Connection.php:218
Stack trace:
#0 C:\Users\kodin\OneDrive\Documents\Victor\Koko Jo\inventaris-daging\system\Database\BaseConnection.php(391): CodeIgniter\Database\MySQLi\Connection->connect()
#1 C:\Users\kodin\OneDrive\Documents\Victor\Koko Jo\inventaris-daging\system\Database\BaseConnection.php(574): CodeIgniter\Database\BaseConnection->initialize()
#2 C:\Users\kodin\OneDrive\Documents\Victor\Koko Jo\inventaris-daging\system\Database\BaseConnection.php(1409): CodeIgniter\Database\BaseConnection->query()
#3 C:\Users\kodin\OneDrive\Documents\Victor\Koko Jo\inventaris-daging\system\Database\BaseConnection.php(1428): CodeIgniter\Database\BaseConnection->listTables()
#4 C:\Users\kodin\OneDrive\Documents\Victor\Koko Jo\inventaris-daging\system\Database\MigrationRunner.php(768): CodeIgniter\Database\BaseConnection->tableExists()
#5 C:\Users\kodin\OneDrive\Documents\Victor\Koko Jo\inventaris-daging\system\Database\MigrationRunner.php(168): CodeIgniter\Database\MigrationRunner->ensureTable()
#6 C:\Users\kodin\OneDrive\Documents\Victor\Koko Jo\inventaris-daging\system\Commands\Database\Migrate.php(84): CodeIgniter\Database\MigrationRunner->latest()
#7 C:\Users\kodin\OneDrive\Documents\Victor\Koko Jo\inventaris-daging\system\CLI\Commands.php(65): CodeIgniter\Commands\Database\Migrate->run()
#8 C:\Users\kodin\OneDrive\Documents\Victor\Koko Jo\inventaris-daging\system\CLI\Console.php(37): CodeIgniter\CLI\Commands->run()
#9 C:\Users\kodin\OneDrive\Documents\Victor\Koko Jo\inventaris-daging\spark(97): CodeIgniter\CLI\Console->run()
#10 {main}
ERROR - 2023-08-15 13:50:21 --> mysqli_sql_exception: You have an error in your SQL syntax; check the manual that corresponds to your MySQL server version for the right syntax to use near 'ALTER INSERT ON info_dagin_keluar
                FROM EACH ROW
                ' at line 2 in C:\Users\kodin\OneDrive\Documents\Victor\Koko Jo\inventaris-daging\system\Database\MySQLi\Connection.php:295
Stack trace:
#0 C:\Users\kodin\OneDrive\Documents\Victor\Koko Jo\inventaris-daging\system\Database\MySQLi\Connection.php(295): mysqli->query()
#1 C:\Users\kodin\OneDrive\Documents\Victor\Koko Jo\inventaris-daging\system\Database\BaseConnection.php(692): CodeIgniter\Database\MySQLi\Connection->execute()
#2 C:\Users\kodin\OneDrive\Documents\Victor\Koko Jo\inventaris-daging\system\Database\BaseConnection.php(606): CodeIgniter\Database\BaseConnection->simpleQuery()
#3 C:\Users\kodin\OneDrive\Documents\Victor\Koko Jo\inventaris-daging\app\Database\Migrations\2023-08-15-134220_TriggerStokKeluar.php(19): CodeIgniter\Database\BaseConnection->query()
#4 C:\Users\kodin\OneDrive\Documents\Victor\Koko Jo\inventaris-daging\system\Database\MigrationRunner.php(877): App\Database\Migrations\TriggerStokKeluar->up()
#5 C:\Users\kodin\OneDrive\Documents\Victor\Koko Jo\inventaris-daging\system\Database\MigrationRunner.php(188): CodeIgniter\Database\MigrationRunner->migrate()
#6 C:\Users\kodin\OneDrive\Documents\Victor\Koko Jo\inventaris-daging\system\Commands\Database\Migrate.php(84): CodeIgniter\Database\MigrationRunner->latest()
#7 C:\Users\kodin\OneDrive\Documents\Victor\Koko Jo\inventaris-daging\system\CLI\Commands.php(65): CodeIgniter\Commands\Database\Migrate->run()
#8 C:\Users\kodin\OneDrive\Documents\Victor\Koko Jo\inventaris-daging\system\CLI\Console.php(37): CodeIgniter\CLI\Commands->run()
#9 C:\Users\kodin\OneDrive\Documents\Victor\Koko Jo\inventaris-daging\spark(97): CodeIgniter\CLI\Console->run()
#10 {main}
ERROR - 2023-08-15 13:51:10 --> mysqli_sql_exception: You have an error in your SQL syntax; check the manual that corresponds to your MySQL server version for the right syntax to use near 'ALTER INSERT ON info_dagin_keluar
                FROM EACH ROW
                ' at line 2 in C:\Users\kodin\OneDrive\Documents\Victor\Koko Jo\inventaris-daging\system\Database\MySQLi\Connection.php:295
Stack trace:
#0 C:\Users\kodin\OneDrive\Documents\Victor\Koko Jo\inventaris-daging\system\Database\MySQLi\Connection.php(295): mysqli->query()
#1 C:\Users\kodin\OneDrive\Documents\Victor\Koko Jo\inventaris-daging\system\Database\BaseConnection.php(692): CodeIgniter\Database\MySQLi\Connection->execute()
#2 C:\Users\kodin\OneDrive\Documents\Victor\Koko Jo\inventaris-daging\system\Database\BaseConnection.php(606): CodeIgniter\Database\BaseConnection->simpleQuery()
#3 C:\Users\kodin\OneDrive\Documents\Victor\Koko Jo\inventaris-daging\app\Database\Migrations\2023-08-15-134220_TriggerStokKeluar.php(19): CodeIgniter\Database\BaseConnection->query()
#4 C:\Users\kodin\OneDrive\Documents\Victor\Koko Jo\inventaris-daging\system\Database\MigrationRunner.php(877): App\Database\Migrations\TriggerStokKeluar->up()
#5 C:\Users\kodin\OneDrive\Documents\Victor\Koko Jo\inventaris-daging\system\Database\MigrationRunner.php(188): CodeIgniter\Database\MigrationRunner->migrate()
#6 C:\Users\kodin\OneDrive\Documents\Victor\Koko Jo\inventaris-daging\system\Commands\Database\Migrate.php(84): CodeIgniter\Database\MigrationRunner->latest()
#7 C:\Users\kodin\OneDrive\Documents\Victor\Koko Jo\inventaris-daging\system\CLI\Commands.php(65): CodeIgniter\Commands\Database\Migrate->run()
#8 C:\Users\kodin\OneDrive\Documents\Victor\Koko Jo\inventaris-daging\system\CLI\Console.php(37): CodeIgniter\CLI\Commands->run()
#9 C:\Users\kodin\OneDrive\Documents\Victor\Koko Jo\inventaris-daging\spark(97): CodeIgniter\CLI\Console->run()
#10 {main}
ERROR - 2023-08-15 13:51:20 --> mysqli_sql_exception: You have an error in your SQL syntax; check the manual that corresponds to your MySQL server version for the right syntax to use near 'ALTER INSERT ON info_daging_keluar
                FROM EACH ROW
               ' at line 2 in C:\Users\kodin\OneDrive\Documents\Victor\Koko Jo\inventaris-daging\system\Database\MySQLi\Connection.php:295
Stack trace:
#0 C:\Users\kodin\OneDrive\Documents\Victor\Koko Jo\inventaris-daging\system\Database\MySQLi\Connection.php(295): mysqli->query()
#1 C:\Users\kodin\OneDrive\Documents\Victor\Koko Jo\inventaris-daging\system\Database\BaseConnection.php(692): CodeIgniter\Database\MySQLi\Connection->execute()
#2 C:\Users\kodin\OneDrive\Documents\Victor\Koko Jo\inventaris-daging\system\Database\BaseConnection.php(606): CodeIgniter\Database\BaseConnection->simpleQuery()
#3 C:\Users\kodin\OneDrive\Documents\Victor\Koko Jo\inventaris-daging\app\Database\Migrations\2023-08-15-134220_TriggerStokKeluar.php(19): CodeIgniter\Database\BaseConnection->query()
#4 C:\Users\kodin\OneDrive\Documents\Victor\Koko Jo\inventaris-daging\system\Database\MigrationRunner.php(877): App\Database\Migrations\TriggerStokKeluar->up()
#5 C:\Users\kodin\OneDrive\Documents\Victor\Koko Jo\inventaris-daging\system\Database\MigrationRunner.php(188): CodeIgniter\Database\MigrationRunner->migrate()
#6 C:\Users\kodin\OneDrive\Documents\Victor\Koko Jo\inventaris-daging\system\Commands\Database\Migrate.php(84): CodeIgniter\Database\MigrationRunner->latest()
#7 C:\Users\kodin\OneDrive\Documents\Victor\Koko Jo\inventaris-daging\system\CLI\Commands.php(65): CodeIgniter\Commands\Database\Migrate->run()
#8 C:\Users\kodin\OneDrive\Documents\Victor\Koko Jo\inventaris-daging\system\CLI\Console.php(37): CodeIgniter\CLI\Commands->run()
#9 C:\Users\kodin\OneDrive\Documents\Victor\Koko Jo\inventaris-daging\spark(97): CodeIgniter\CLI\Console->run()
#10 {main}
ERROR - 2023-08-15 13:53:36 --> mysqli_sql_exception: You have an error in your SQL syntax; check the manual that corresponds to your MySQL server version for the right syntax to use near 'FROM EACH ROW
                BEGIN
                    UPDATE stok_daging
     ' at line 3 in C:\Users\kodin\OneDrive\Documents\Victor\Koko Jo\inventaris-daging\system\Database\MySQLi\Connection.php:295
Stack trace:
#0 C:\Users\kodin\OneDrive\Documents\Victor\Koko Jo\inventaris-daging\system\Database\MySQLi\Connection.php(295): mysqli->query()
#1 C:\Users\kodin\OneDrive\Documents\Victor\Koko Jo\inventaris-daging\system\Database\BaseConnection.php(692): CodeIgniter\Database\MySQLi\Connection->execute()
#2 C:\Users\kodin\OneDrive\Documents\Victor\Koko Jo\inventaris-daging\system\Database\BaseConnection.php(606): CodeIgniter\Database\BaseConnection->simpleQuery()
#3 C:\Users\kodin\OneDrive\Documents\Victor\Koko Jo\inventaris-daging\app\Database\Migrations\2023-08-15-134220_TriggerStokKeluar.php(19): CodeIgniter\Database\BaseConnection->query()
#4 C:\Users\kodin\OneDrive\Documents\Victor\Koko Jo\inventaris-daging\system\Database\MigrationRunner.php(877): App\Database\Migrations\TriggerStokKeluar->up()
#5 C:\Users\kodin\OneDrive\Documents\Victor\Koko Jo\inventaris-daging\system\Database\MigrationRunner.php(188): CodeIgniter\Database\MigrationRunner->migrate()
#6 C:\Users\kodin\OneDrive\Documents\Victor\Koko Jo\inventaris-daging\system\Commands\Database\Migrate.php(84): CodeIgniter\Database\MigrationRunner->latest()
#7 C:\Users\kodin\OneDrive\Documents\Victor\Koko Jo\inventaris-daging\system\CLI\Commands.php(65): CodeIgniter\Commands\Database\Migrate->run()
#8 C:\Users\kodin\OneDrive\Documents\Victor\Koko Jo\inventaris-daging\system\CLI\Console.php(37): CodeIgniter\CLI\Commands->run()
#9 C:\Users\kodin\OneDrive\Documents\Victor\Koko Jo\inventaris-daging\spark(97): CodeIgniter\CLI\Console->run()
#10 {main}
INFO - 2023-08-15 14:23:44 --> Session: Class initialized using 'CodeIgniter\Session\Handlers\FileHandler' driver.
CRITICAL - 2023-08-15 14:23:44 --> Undefined array key "stok"
in APPPATH\Views\stok.php on line 47.
 1 APPPATH\Views\stok.php(47): CodeIgniter\Debug\Exceptions->errorHandler()
 2 SYSTEMPATH\View\View.php(224): include('C:\\Users\\kodin\\OneDrive\\Documents\\Victor\\Koko Jo\\inventaris-daging\\app\\Views\\stok.php')
 3 SYSTEMPATH\View\View.php(227): CodeIgniter\View\View->CodeIgniter\View\{closure}()
 4 SYSTEMPATH\Common.php(1176): CodeIgniter\View\View->render()
 5 APPPATH\Controllers\StokController.php(39): view()
 6 SYSTEMPATH\CodeIgniter.php(932): App\Controllers\StokController->index()
 7 SYSTEMPATH\CodeIgniter.php(497): CodeIgniter\CodeIgniter->runController()
 8 SYSTEMPATH\CodeIgniter.php(366): CodeIgniter\CodeIgniter->handleRequest()
 9 FCPATH\index.php(67): CodeIgniter\CodeIgniter->run()
10 SYSTEMPATH\Commands\Server\rewrite.php(47): require_once('C:\\Users\\kodin\\OneDrive\\Documents\\Victor\\Koko Jo\\inventaris-daging\\public\\index.php')
INFO - 2023-08-15 14:24:20 --> Session: Class initialized using 'CodeIgniter\Session\Handlers\FileHandler' driver.
INFO - 2023-08-15 14:24:24 --> Session: Class initialized using 'CodeIgniter\Session\Handlers\FileHandler' driver.
INFO - 2023-08-15 14:24:26 --> Session: Class initialized using 'CodeIgniter\Session\Handlers\FileHandler' driver.
INFO - 2023-08-15 14:24:44 --> Session: Class initialized using 'CodeIgniter\Session\Handlers\FileHandler' driver.
INFO - 2023-08-15 14:24:49 --> Session: Class initialized using 'CodeIgniter\Session\Handlers\FileHandler' driver.
INFO - 2023-08-15 14:24:53 --> Session: Class initialized using 'CodeIgniter\Session\Handlers\FileHandler' driver.
INFO - 2023-08-15 14:25:00 --> Session: Class initialized using 'CodeIgniter\Session\Handlers\FileHandler' driver.
INFO - 2023-08-15 14:25:13 --> Session: Class initialized using 'CodeIgniter\Session\Handlers\FileHandler' driver.
INFO - 2023-08-15 14:25:18 --> Session: Class initialized using 'CodeIgniter\Session\Handlers\FileHandler' driver.
INFO - 2023-08-15 14:25:20 --> Session: Class initialized using 'CodeIgniter\Session\Handlers\FileHandler' driver.
INFO - 2023-08-15 14:25:24 --> Session: Class initialized using 'CodeIgniter\Session\Handlers\FileHandler' driver.
INFO - 2023-08-15 14:25:26 --> Session: Class initialized using 'CodeIgniter\Session\Handlers\FileHandler' driver.
INFO - 2023-08-15 14:25:48 --> Session: Class initialized using 'CodeIgniter\Session\Handlers\FileHandler' driver.
INFO - 2023-08-15 14:26:10 --> Session: Class initialized using 'CodeIgniter\Session\Handlers\FileHandler' driver.
INFO - 2023-08-15 14:26:13 --> Session: Class initialized using 'CodeIgniter\Session\Handlers\FileHandler' driver.
INFO - 2023-08-15 14:29:23 --> Session: Class initialized using 'CodeIgniter\Session\Handlers\FileHandler' driver.
INFO - 2023-08-15 14:29:25 --> Session: Class initialized using 'CodeIgniter\Session\Handlers\FileHandler' driver.
INFO - 2023-08-15 14:29:26 --> Session: Class initialized using 'CodeIgniter\Session\Handlers\FileHandler' driver.
INFO - 2023-08-15 14:29:28 --> Session: Class initialized using 'CodeIgniter\Session\Handlers\FileHandler' driver.
INFO - 2023-08-15 14:29:32 --> Session: Class initialized using 'CodeIgniter\Session\Handlers\FileHandler' driver.
INFO - 2023-08-15 14:29:33 --> Session: Class initialized using 'CodeIgniter\Session\Handlers\FileHandler' driver.
INFO - 2023-08-15 14:29:49 --> Session: Class initialized using 'CodeIgniter\Session\Handlers\FileHandler' driver.
INFO - 2023-08-15 14:29:50 --> Session: Class initialized using 'CodeIgniter\Session\Handlers\FileHandler' driver.
INFO - 2023-08-15 15:14:19 --> Session: Class initialized using 'CodeIgniter\Session\Handlers\FileHandler' driver.
INFO - 2023-08-15 15:14:25 --> Session: Class initialized using 'CodeIgniter\Session\Handlers\FileHandler' driver.
INFO - 2023-08-15 15:14:27 --> Session: Class initialized using 'CodeIgniter\Session\Handlers\FileHandler' driver.
INFO - 2023-08-15 15:14:42 --> Session: Class initialized using 'CodeIgniter\Session\Handlers\FileHandler' driver.
INFO - 2023-08-15 15:14:43 --> Session: Class initialized using 'CodeIgniter\Session\Handlers\FileHandler' driver.
INFO - 2023-08-15 15:14:54 --> Session: Class initialized using 'CodeIgniter\Session\Handlers\FileHandler' driver.
INFO - 2023-08-15 15:14:56 --> Session: Class initialized using 'CodeIgniter\Session\Handlers\FileHandler' driver.
INFO - 2023-08-15 15:39:07 --> Session: Class initialized using 'CodeIgniter\Session\Handlers\FileHandler' driver.
INFO - 2023-08-15 15:40:17 --> Session: Class initialized using 'CodeIgniter\Session\Handlers\FileHandler' driver.
INFO - 2023-08-15 15:40:22 --> Session: Class initialized using 'CodeIgniter\Session\Handlers\FileHandler' driver.
INFO - 2023-08-15 15:40:24 --> Session: Class initialized using 'CodeIgniter\Session\Handlers\FileHandler' driver.
INFO - 2023-08-15 15:40:29 --> Session: Class initialized using 'CodeIgniter\Session\Handlers\FileHandler' driver.
INFO - 2023-08-15 15:40:38 --> Session: Class initialized using 'CodeIgniter\Session\Handlers\FileHandler' driver.
INFO - 2023-08-15 15:40:38 --> Session: Class initialized using 'CodeIgniter\Session\Handlers\FileHandler' driver.
INFO - 2023-08-15 15:40:41 --> Session: Class initialized using 'CodeIgniter\Session\Handlers\FileHandler' driver.
INFO - 2023-08-15 15:40:42 --> Session: Class initialized using 'CodeIgniter\Session\Handlers\FileHandler' driver.
INFO - 2023-08-15 15:40:46 --> Session: Class initialized using 'CodeIgniter\Session\Handlers\FileHandler' driver.
INFO - 2023-08-15 15:40:48 --> Session: Class initialized using 'CodeIgniter\Session\Handlers\FileHandler' driver.
INFO - 2023-08-15 15:41:06 --> Session: Class initialized using 'CodeIgniter\Session\Handlers\FileHandler' driver.
INFO - 2023-08-15 15:41:06 --> Session: Class initialized using 'CodeIgniter\Session\Handlers\FileHandler' driver.
INFO - 2023-08-15 15:41:09 --> Session: Class initialized using 'CodeIgniter\Session\Handlers\FileHandler' driver.
INFO - 2023-08-15 15:41:14 --> Session: Class initialized using 'CodeIgniter\Session\Handlers\FileHandler' driver.
INFO - 2023-08-15 15:41:16 --> Session: Class initialized using 'CodeIgniter\Session\Handlers\FileHandler' driver.
INFO - 2023-08-15 15:41:25 --> Session: Class initialized using 'CodeIgniter\Session\Handlers\FileHandler' driver.
INFO - 2023-08-15 15:41:25 --> Session: Class initialized using 'CodeIgniter\Session\Handlers\FileHandler' driver.
INFO - 2023-08-15 15:41:29 --> Session: Class initialized using 'CodeIgniter\Session\Handlers\FileHandler' driver.
INFO - 2023-08-15 15:41:37 --> Session: Class initialized using 'CodeIgniter\Session\Handlers\FileHandler' driver.
INFO - 2023-08-15 15:41:38 --> Session: Class initialized using 'CodeIgniter\Session\Handlers\FileHandler' driver.
INFO - 2023-08-15 15:42:54 --> Session: Class initialized using 'CodeIgniter\Session\Handlers\FileHandler' driver.
INFO - 2023-08-15 15:42:54 --> Session: Class initialized using 'CodeIgniter\Session\Handlers\FileHandler' driver.
INFO - 2023-08-15 15:42:58 --> Session: Class initialized using 'CodeIgniter\Session\Handlers\FileHandler' driver.
INFO - 2023-08-15 15:43:01 --> Session: Class initialized using 'CodeIgniter\Session\Handlers\FileHandler' driver.
INFO - 2023-08-15 15:43:02 --> Session: Class initialized using 'CodeIgniter\Session\Handlers\FileHandler' driver.
INFO - 2023-08-15 15:43:11 --> Session: Class initialized using 'CodeIgniter\Session\Handlers\FileHandler' driver.
INFO - 2023-08-15 15:43:11 --> Session: Class initialized using 'CodeIgniter\Session\Handlers\FileHandler' driver.
INFO - 2023-08-15 15:43:14 --> Session: Class initialized using 'CodeIgniter\Session\Handlers\FileHandler' driver.
INFO - 2023-08-15 15:43:15 --> Session: Class initialized using 'CodeIgniter\Session\Handlers\FileHandler' driver.
INFO - 2023-08-15 15:43:22 --> Session: Class initialized using 'CodeIgniter\Session\Handlers\FileHandler' driver.
INFO - 2023-08-15 15:43:22 --> Session: Class initialized using 'CodeIgniter\Session\Handlers\FileHandler' driver.
INFO - 2023-08-15 15:43:24 --> Session: Class initialized using 'CodeIgniter\Session\Handlers\FileHandler' driver.
INFO - 2023-08-15 15:43:39 --> Session: Class initialized using 'CodeIgniter\Session\Handlers\FileHandler' driver.
INFO - 2023-08-15 15:43:42 --> Session: Class initialized using 'CodeIgniter\Session\Handlers\FileHandler' driver.
INFO - 2023-08-15 15:44:21 --> Session: Class initialized using 'CodeIgniter\Session\Handlers\FileHandler' driver.
INFO - 2023-08-15 15:44:25 --> Session: Class initialized using 'CodeIgniter\Session\Handlers\FileHandler' driver.
INFO - 2023-08-15 15:44:28 --> Session: Class initialized using 'CodeIgniter\Session\Handlers\FileHandler' driver.
INFO - 2023-08-15 15:44:32 --> Session: Class initialized using 'CodeIgniter\Session\Handlers\FileHandler' driver.
INFO - 2023-08-15 15:44:42 --> Session: Class initialized using 'CodeIgniter\Session\Handlers\FileHandler' driver.
INFO - 2023-08-15 15:44:42 --> Session: Class initialized using 'CodeIgniter\Session\Handlers\FileHandler' driver.
INFO - 2023-08-15 15:44:45 --> Session: Class initialized using 'CodeIgniter\Session\Handlers\FileHandler' driver.
INFO - 2023-08-15 15:44:59 --> Session: Class initialized using 'CodeIgniter\Session\Handlers\FileHandler' driver.
INFO - 2023-08-15 15:45:05 --> Session: Class initialized using 'CodeIgniter\Session\Handlers\FileHandler' driver.
INFO - 2023-08-15 15:45:16 --> Session: Class initialized using 'CodeIgniter\Session\Handlers\FileHandler' driver.
INFO - 2023-08-15 15:45:16 --> Session: Class initialized using 'CodeIgniter\Session\Handlers\FileHandler' driver.
INFO - 2023-08-15 15:45:19 --> Session: Class initialized using 'CodeIgniter\Session\Handlers\FileHandler' driver.
INFO - 2023-08-15 15:45:25 --> Session: Class initialized using 'CodeIgniter\Session\Handlers\FileHandler' driver.
INFO - 2023-08-15 15:45:30 --> Session: Class initialized using 'CodeIgniter\Session\Handlers\FileHandler' driver.
INFO - 2023-08-15 15:45:35 --> Session: Class initialized using 'CodeIgniter\Session\Handlers\FileHandler' driver.
INFO - 2023-08-15 15:45:38 --> Session: Class initialized using 'CodeIgniter\Session\Handlers\FileHandler' driver.
INFO - 2023-08-15 15:45:42 --> Session: Class initialized using 'CodeIgniter\Session\Handlers\FileHandler' driver.
INFO - 2023-08-15 15:45:42 --> Session: Class initialized using 'CodeIgniter\Session\Handlers\FileHandler' driver.
INFO - 2023-08-15 15:45:44 --> Session: Class initialized using 'CodeIgniter\Session\Handlers\FileHandler' driver.
